{"numTotalTestSuites":47,"numPassedTestSuites":47,"numFailedTestSuites":0,"numPendingTestSuites":0,"numTotalTests":280,"numPassedTests":280,"numFailedTests":0,"numPendingTests":0,"numTodoTests":0,"snapshot":{"added":0,"failure":false,"filesAdded":0,"filesRemoved":0,"filesRemovedList":[],"filesUnmatched":0,"filesUpdated":0,"matched":0,"total":0,"unchecked":0,"uncheckedKeysByFile":[],"unmatched":0,"updated":0,"didUpdate":false},"startTime":1790055911584,"success":true,"testResults":[{"assertionResults":[{"ancestorTitles":["Postiz documented contract"],"fullName":"Postiz documented contract reads integrations and drops unneeded upstream attributes","status":"passed","title":"reads integrations and drops unneeded upstream attributes","duration":9.938416000000004,"failureMessages":[],"meta":{},"tags":[],"benchmarks":[]},{"ancestorTitles":["Postiz documented contract"],"fullName":"Postiz documented contract uses the exact Postiz integrations route without a trailing slash","status":"passed","title":"uses the exact Postiz integrations route without a trailing slash","duration":1.6154579999999896,"failureMessages":[],"meta":{},"tags":[],"benchmarks":[]},{"ancestorTitles":["Postiz documented contract"],"fullName":"Postiz documented contract normalizes host and legacy prefixes to one canonical API URL","status":"passed","title":"normalizes host and legacy prefixes to one canonical API URL","duration":0.1320829999999944,"failureMessages":[],"meta":{},"tags":[],"benchmarks":[]},{"ancestorTitles":["Postiz documented contract"],"fullName":"Postiz documented contract reads groups, provider settings, and normalized analytics","status":"passed","title":"reads groups, provider settings, and normalized analytics","duration":1.8665420000000097,"failureMessages":[],"meta":{},"tags":[],"benchmarks":[]},{"ancestorTitles":["Postiz documented contract"],"fullName":"Postiz documented contract serializes provider tools, status, settings, and release-id reconciliation","status":"passed","title":"serializes provider tools, status, settings, and release-id reconciliation","duration":2.9809999999999945,"failureMessages":[],"meta":{},"tags":[],"benchmarks":[]},{"ancestorTitles":["Postiz documented contract"],"fullName":"Postiz documented contract encodes draft in one request and treats receipt as accepted only","status":"passed","title":"encodes draft in one request and treats receipt as accepted only","duration":1.008499999999998,"failureMessages":[],"meta":{},"tags":[],"benchmarks":[]},{"ancestorTitles":["Postiz documented contract"],"fullName":"Postiz documented contract encodes schedule in one request and treats receipt as accepted only","status":"passed","title":"encodes schedule in one request and treats receipt as accepted only","duration":0.43174999999999386,"failureMessages":[],"meta":{},"tags":[],"benchmarks":[]},{"ancestorTitles":["Postiz documented contract"],"fullName":"Postiz documented contract encodes now in one request and treats receipt as accepted only","status":"passed","title":"encodes now in one request and treats receipt as accepted only","duration":0.19854099999999164,"failureMessages":[],"meta":{},"tags":[],"benchmarks":[]},{"ancestorTitles":["Postiz documented contract"],"fullName":"Postiz documented contract holds timeout and 5xx writes unknown without retry or secret propagation","status":"passed","title":"holds timeout and 5xx writes unknown without retry or secret propagation","duration":0.4622500000000116,"failureMessages":[],"meta":{},"tags":[],"benchmarks":[]},{"ancestorTitles":["Postiz documented contract"],"fullName":"Postiz documented contract does not lose an accepted write on malformed receipt","status":"passed","title":"does not lose an accepted write on malformed receipt","duration":0.2222500000000025,"failureMessages":[],"meta":{},"tags":[],"benchmarks":[]},{"ancestorTitles":["Postiz documented contract"],"fullName":"Postiz documented contract rejects invalid integration IDs before sending","status":"passed","title":"rejects invalid integration IDs before sending","duration":0.22849999999999682,"failureMessages":[],"meta":{},"tags":[],"benchmarks":[]},{"ancestorTitles":["Postiz documented contract"],"fullName":"Postiz documented contract handles read range and absent persisted ID without claiming canceled","status":"passed","title":"handles read range and absent persisted ID without claiming canceled","duration":0.5108749999999986,"failureMessages":[],"meta":{},"tags":[],"benchmarks":[]},{"ancestorTitles":["Postiz documented contract"],"fullName":"Postiz documented contract requires group-wide delete acknowledgement","status":"passed","title":"requires group-wide delete acknowledgement","duration":0.6332500000000039,"failureMessages":[],"meta":{},"tags":[],"benchmarks":[]},{"ancestorTitles":["Postiz documented contract"],"fullName":"Postiz documented contract uploads verified binary with multipart, refusing SVG and spoofed PNG","status":"passed","title":"uploads verified binary with multipart, refusing SVG and spoofed PNG","duration":0.7417920000000038,"failureMessages":[],"meta":{},"tags":[],"benchmarks":[]},{"ancestorTitles":["Matomo read scope"],"fullName":"Matomo read scope keeps token in body, fixed methods, exact date and site timezone; missing goals stay missing","status":"passed","title":"keeps token in body, fixed methods, exact date and site timezone; missing goals stay missing","duration":8.534417000000005,"failureMessages":[],"meta":{},"tags":[],"benchmarks":[]},{"ancestorTitles":["Matomo read scope"],"fullName":"Matomo read scope blocks other sites and write methods without network","status":"passed","title":"blocks other sites and write methods without network","duration":0.15149999999999864,"failureMessages":[],"meta":{},"tags":[],"benchmarks":[]},{"ancestorTitles":["Matomo read scope"],"fullName":"Matomo read scope does not turn HTTP200 API errors into zero-valued metrics","status":"passed","title":"does not turn HTTP200 API errors into zero-valued metrics","duration":0.22695800000001043,"failureMessages":[],"meta":{},"tags":[],"benchmarks":[]},{"ancestorTitles":["Slack request verification and durable replay contract"],"fullName":"Slack request verification and durable replay contract verifies raw-body HMAC and rejects tampering/stale/future replay","status":"passed","title":"verifies raw-body HMAC and rejects tampering/stale/future replay","duration":0.8328750000000014,"failureMessages":[],"meta":{},"tags":[],"benchmarks":[]},{"ancestorTitles":["Slack request verification and durable replay contract"],"fullName":"Slack request verification and durable replay contract requires mapped actor/resource authorization and atomically claims replay once","status":"passed","title":"requires mapped actor/resource authorization and atomically claims replay once","duration":0.5340830000000096,"failureMessages":[],"meta":{},"tags":[],"benchmarks":[]},{"ancestorTitles":["CSV stats and export safety"],"fullName":"CSV stats and export safety maps quoted BOM CSV and uses exact money/dedup without cross-project collisions","status":"passed","title":"maps quoted BOM CSV and uses exact money/dedup without cross-project collisions","duration":2.137875000000008,"failureMessages":[],"meta":{},"tags":[],"benchmarks":[]},{"ancestorTitles":["CSV stats and export safety"],"fullName":"CSV stats and export safety reports correction conflicts and per-row failures without raw sensitive cells","status":"passed","title":"reports correction conflicts and per-row failures without raw sensitive cells","duration":0.2828750000000042,"failureMessages":[],"meta":{},"tags":[],"benchmarks":[]},{"ancestorTitles":["CSV stats and export safety"],"fullName":"CSV stats and export safety keeps missing metrics null and rejects duplicate/missing headers","status":"passed","title":"keeps missing metrics null and rejects duplicate/missing headers","duration":0.36216699999999946,"failureMessages":[],"meta":{},"tags":[],"benchmarks":[]},{"ancestorTitles":["CSV stats and export safety"],"fullName":"CSV stats and export safety exports a real article bundle and escapes executable preview content","status":"passed","title":"exports a real article bundle and escapes executable preview content","duration":0.5617500000000035,"failureMessages":[],"meta":{},"tags":[],"benchmarks":[]},{"ancestorTitles":["endpoint boundaries"],"fullName":"endpoint boundaries rejects userinfo, HTTP and query credentials","status":"passed","title":"rejects userinfo, HTTP and query credentials","duration":0.1564170000000047,"failureMessages":[],"meta":{},"tags":[],"benchmarks":[]},{"ancestorTitles":["endpoint boundaries"],"fullName":"endpoint boundaries blocks loopback and IPv4-mapped loopback without connecting","status":"passed","title":"blocks loopback and IPv4-mapped loopback without connecting","duration":2.5907919999999933,"failureMessages":[],"meta":{},"tags":[],"benchmarks":[]}],"startTime":1790055937612,"endTime":1790055937649.5908,"status":"passed","message":"","name":"/Users/marioeuchner/Documents/ChatGPT/EDS Orbit/packages/connectors/src/connectors.test.ts"},{"assertionResults":[{"ancestorTitles":["pinned native HTTPS transport"],"fullName":"pinned native HTTPS transport answers both Node DNS callback shapes using the single prechecked IP","status":"passed","title":"answers both Node DNS callback shapes using the single prechecked IP","duration":9.005958,"failureMessages":[],"meta":{},"tags":[],"benchmarks":[]},{"ancestorTitles":["pinned native HTTPS transport"],"fullName":"pinned native HTTPS transport aborts hung DNS before constructing or sending an HTTP request","status":"passed","title":"aborts hung DNS before constructing or sending an HTTP request","duration":1.0347079999999949,"failureMessages":[],"meta":{},"tags":[],"benchmarks":[]},{"ancestorTitles":["pinned native HTTPS transport"],"fullName":"pinned native HTTPS transport bounds DNS even when the caller provides no signal","status":"passed","title":"bounds DNS even when the caller provides no signal","duration":1.4439590000000067,"failureMessages":[],"meta":{},"tags":[],"benchmarks":[]}],"startTime":1790055938027,"endTime":1790055938038.4438,"status":"passed","message":"","name":"/Users/marioeuchner/Documents/ChatGPT/EDS Orbit/packages/connectors/src/http.test.ts"},{"assertionResults":[{"ancestorTitles":["Matomo page report transport"],"fullName":"Matomo page report transport requests flat URL rows through the bounded authenticated POST","status":"passed","title":"requests flat URL rows through the bounded authenticated POST","duration":17.27895799999999,"failureMessages":[],"meta":{},"tags":[],"benchmarks":[]}],"startTime":1790055937742,"endTime":1790055937759.279,"status":"passed","message":"","name":"/Users/marioeuchner/Documents/ChatGPT/EDS Orbit/packages/connectors/src/matomo.test.ts"},{"assertionResults":[{"ancestorTitles":["deterministic original-brand renderer"],"fullName":"deterministic original-brand renderer renders square with expected size, unchanged logo and safe margin","status":"passed","title":"renders square with expected size, unchanged logo and safe margin","duration":1.468709000000004,"failureMessages":[],"meta":{},"tags":[],"benchmarks":[]},{"ancestorTitles":["deterministic original-brand renderer"],"fullName":"deterministic original-brand renderer renders landscape with expected size, unchanged logo and safe margin","status":"passed","title":"renders landscape with expected size, unchanged logo and safe margin","duration":0.21095899999999546,"failureMessages":[],"meta":{},"tags":[],"benchmarks":[]},{"ancestorTitles":["deterministic original-brand renderer"],"fullName":"deterministic original-brand renderer renders portrait with expected size, unchanged logo and safe margin","status":"passed","title":"renders portrait with expected size, unchanged logo and safe margin","duration":0.17812500000000142,"failureMessages":[],"meta":{},"tags":[],"benchmarks":[]},{"ancestorTitles":["deterministic original-brand renderer"],"fullName":"deterministic original-brand renderer renders story with expected size, unchanged logo and safe margin","status":"passed","title":"renders story with expected size, unchanged logo and safe margin","duration":0.1923749999999984,"failureMessages":[],"meta":{},"tags":[],"benchmarks":[]},{"ancestorTitles":["deterministic original-brand renderer"],"fullName":"deterministic original-brand renderer blocks overflow instead of truncating or exporting clipped text","status":"passed","title":"blocks overflow instead of truncating or exporting clipped text","duration":0.44866700000000037,"failureMessages":[],"meta":{},"tags":[],"benchmarks":[]},{"ancestorTitles":["deterministic original-brand renderer"],"fullName":"deterministic original-brand renderer escapes script and produces a brief when the source logo is unapproved","status":"passed","title":"escapes script and produces a brief when the source logo is unapproved","duration":0.3203749999999985,"failureMessages":[],"meta":{},"tags":[],"benchmarks":[]},{"ancestorTitles":["deterministic original-brand renderer"],"fullName":"deterministic original-brand renderer renders only validated local brand tokens and approved raster artwork","status":"passed","title":"renders only validated local brand tokens and approved raster artwork","duration":0.15595800000000537,"failureMessages":[],"meta":{},"tags":[],"benchmarks":[]},{"ancestorTitles":["bounded PNG export"],"fullName":"bounded PNG export fails closed for omitted brand approval before rasterization","status":"passed","title":"fails closed for omitted brand approval before rasterization","duration":0.1319999999999979,"failureMessages":[],"meta":{},"tags":[],"benchmarks":[]},{"ancestorTitles":["bounded PNG export"],"fullName":"bounded PNG export exports real PNG pixels for square","status":"passed","title":"exports real PNG pixels for square","duration":149.68241700000002,"failureMessages":[],"meta":{},"tags":[],"benchmarks":[]},{"ancestorTitles":["bounded PNG export"],"fullName":"bounded PNG export exports real PNG pixels for landscape","status":"passed","title":"exports real PNG pixels for landscape","duration":58.129125000000016,"failureMessages":[],"meta":{},"tags":[],"benchmarks":[]},{"ancestorTitles":["bounded PNG export"],"fullName":"bounded PNG export exports real PNG pixels for portrait","status":"passed","title":"exports real PNG pixels for portrait","duration":68.36862500000001,"failureMessages":[],"meta":{},"tags":[],"benchmarks":[]},{"ancestorTitles":["bounded PNG export"],"fullName":"bounded PNG export exports real PNG pixels for story","status":"passed","title":"exports real PNG pixels for story","duration":33.284583,"failureMessages":[],"meta":{},"tags":[],"benchmarks":[]}],"startTime":1790055936404,"endTime":1790055936716.2847,"status":"passed","message":"","name":"/Users/marioeuchner/Documents/ChatGPT/EDS Orbit/packages/creative/src/creative.test.ts"},{"assertionResults":[{"ancestorTitles":["Durable real Redis worker lifecycle"],"fullName":"Durable real Redis worker lifecycle A10/A19/A26/B06: real worker plans, retrieves, drafts, reviews, publishes locally, survives restart, then applies revocation","status":"passed","title":"A10/A19/A26/B06: real worker plans, retrieves, drafts, reviews, publishes locally, survives restart, then applies revocation","duration":9114.725583,"failureMessages":[],"meta":{},"tags":[],"benchmarks":[]}],"startTime":1790055911993,"endTime":1790055921107.7256,"status":"passed","message":"","name":"/Users/marioeuchner/Documents/ChatGPT/EDS Orbit/apps/worker/tests/workflow.integration.test.ts"},{"assertionResults":[{"ancestorTitles":["safe public source fetching"],"fullName":"safe public source fetching blocks nonpublic 127.0.0.1","status":"passed","title":"blocks nonpublic 127.0.0.1","duration":0.7712500000000091,"failureMessages":[],"meta":{},"tags":[],"benchmarks":[]},{"ancestorTitles":["safe public source fetching"],"fullName":"safe public source fetching blocks nonpublic 10.0.0.1","status":"passed","title":"blocks nonpublic 10.0.0.1","duration":0.17583399999999472,"failureMessages":[],"meta":{},"tags":[],"benchmarks":[]},{"ancestorTitles":["safe public source fetching"],"fullName":"safe public source fetching blocks nonpublic 172.16.0.1","status":"passed","title":"blocks nonpublic 172.16.0.1","duration":0.06158399999999631,"failureMessages":[],"meta":{},"tags":[],"benchmarks":[]},{"ancestorTitles":["safe public source fetching"],"fullName":"safe public source fetching blocks nonpublic 192.168.1.1","status":"passed","title":"blocks nonpublic 192.168.1.1","duration":0.05750000000000455,"failureMessages":[],"meta":{},"tags":[],"benchmarks":[]},{"ancestorTitles":["safe public source fetching"],"fullName":"safe public source fetching blocks nonpublic 169.254.169.254","status":"passed","title":"blocks nonpublic 169.254.169.254","duration":0.05066599999999255,"failureMessages":[],"meta":{},"tags":[],"benchmarks":[]},{"ancestorTitles":["safe public source fetching"],"fullName":"safe public source fetching blocks nonpublic 100.64.0.1","status":"passed","title":"blocks nonpublic 100.64.0.1","duration":0.044125000000008185,"failureMessages":[],"meta":{},"tags":[],"benchmarks":[]},{"ancestorTitles":["safe public source fetching"],"fullName":"safe public source fetching blocks nonpublic 0.0.0.0","status":"passed","title":"blocks nonpublic 0.0.0.0","duration":0.05550000000000921,"failureMessages":[],"meta":{},"tags":[],"benchmarks":[]},{"ancestorTitles":["safe public source fetching"],"fullName":"safe public source fetching blocks nonpublic 224.0.0.1","status":"passed","title":"blocks nonpublic 224.0.0.1","duration":0.04666599999998766,"failureMessages":[],"meta":{},"tags":[],"benchmarks":[]},{"ancestorTitles":["safe public source fetching"],"fullName":"safe public source fetching blocks nonpublic 198.18.0.1","status":"passed","title":"blocks nonpublic 198.18.0.1","duration":0.05812500000000398,"failureMessages":[],"meta":{},"tags":[],"benchmarks":[]},{"ancestorTitles":["safe public source fetching"],"fullName":"safe public source fetching blocks nonpublic ::1","status":"passed","title":"blocks nonpublic ::1","duration":2.7567080000000033,"failureMessages":[],"meta":{},"tags":[],"benchmarks":[]},{"ancestorTitles":["safe public source fetching"],"fullName":"safe public source fetching blocks nonpublic ::","status":"passed","title":"blocks nonpublic ::","duration":0.05416700000000674,"failureMessages":[],"meta":{},"tags":[],"benchmarks":[]},{"ancestorTitles":["safe public source fetching"],"fullName":"safe public source fetching blocks nonpublic fc00::1","status":"passed","title":"blocks nonpublic fc00::1","duration":0.03175000000000239,"failureMessages":[],"meta":{},"tags":[],"benchmarks":[]},{"ancestorTitles":["safe public source fetching"],"fullName":"safe public source fetching blocks nonpublic fe80::1","status":"passed","title":"blocks nonpublic fe80::1","duration":0.027999999999991587,"failureMessages":[],"meta":{},"tags":[],"benchmarks":[]},{"ancestorTitles":["safe public source fetching"],"fullName":"safe public source fetching blocks nonpublic ::ffff:127.0.0.1","status":"passed","title":"blocks nonpublic ::ffff:127.0.0.1","duration":0.02745899999999324,"failureMessages":[],"meta":{},"tags":[],"benchmarks":[]},{"ancestorTitles":["safe public source fetching"],"fullName":"safe public source fetching blocks nonpublic 2001:db8::1","status":"passed","title":"blocks nonpublic 2001:db8::1","duration":0.03595800000000793,"failureMessages":[],"meta":{},"tags":[],"benchmarks":[]},{"ancestorTitles":["safe public source fetching"],"fullName":"safe public source fetching blocks nonpublic 2002:7f00:1::","status":"passed","title":"blocks nonpublic 2002:7f00:1::","duration":0.02329199999999787,"failureMessages":[],"meta":{},"tags":[],"benchmarks":[]},{"ancestorTitles":["safe public source fetching"],"fullName":"safe public source fetching permits public 8.8.8.8","status":"passed","title":"permits public 8.8.8.8","duration":0.02745899999999324,"failureMessages":[],"meta":{},"tags":[],"benchmarks":[]},{"ancestorTitles":["safe public source fetching"],"fullName":"safe public source fetching permits public 1.1.1.1","status":"passed","title":"permits public 1.1.1.1","duration":0.019540999999989594,"failureMessages":[],"meta":{},"tags":[],"benchmarks":[]},{"ancestorTitles":["safe public source fetching"],"fullName":"safe public source fetching permits public 2606:4700:4700::1111","status":"passed","title":"permits public 2606:4700:4700::1111","duration":0.030583000000007132,"failureMessages":[],"meta":{},"tags":[],"benchmarks":[]},{"ancestorTitles":["safe public source fetching"],"fullName":"safe public source fetching rejects disallowed URL http://example.com/docs","status":"passed","title":"rejects disallowed URL http://example.com/docs","duration":0.3509170000000097,"failureMessages":[],"meta":{},"tags":[],"benchmarks":[]},{"ancestorTitles":["safe public source fetching"],"fullName":"safe public source fetching rejects disallowed URL https://example.com:8443/docs","status":"passed","title":"rejects disallowed URL https://example.com:8443/docs","duration":0.048082999999991216,"failureMessages":[],"meta":{},"tags":[],"benchmarks":[]},{"ancestorTitles":["safe public source fetching"],"fullName":"safe public source fetching rejects disallowed URL https://example.com.evil.test/docs","status":"passed","title":"rejects disallowed URL https://example.com.evil.test/docs","duration":0.039917000000002645,"failureMessages":[],"meta":{},"tags":[],"benchmarks":[]},{"ancestorTitles":["safe public source fetching"],"fullName":"safe public source fetching rejects disallowed URL https://user:pass@example.com/docs","status":"passed","title":"rejects disallowed URL https://user:pass@example.com/docs","duration":0.03675000000001205,"failureMessages":[],"meta":{},"tags":[],"benchmarks":[]},{"ancestorTitles":["safe public source fetching"],"fullName":"safe public source fetching rejects disallowed URL https://example.com/admin","status":"passed","title":"rejects disallowed URL https://example.com/admin","duration":0.059291999999999234,"failureMessages":[],"meta":{},"tags":[],"benchmarks":[]},{"ancestorTitles":["safe public source fetching"],"fullName":"safe public source fetching rejects disallowed URL https://example.com/docs/../admin","status":"passed","title":"rejects disallowed URL https://example.com/docs/../admin","duration":0.05045800000000611,"failureMessages":[],"meta":{},"tags":[],"benchmarks":[]},{"ancestorTitles":["safe public source fetching"],"fullName":"safe public source fetching rejects disallowed URL https://example.com/docs/%252e%252e/admin","status":"passed","title":"rejects disallowed URL https://example.com/docs/%252e%252e/admin","duration":0.03349999999998943,"failureMessages":[],"meta":{},"tags":[],"benchmarks":[]},{"ancestorTitles":["safe public source fetching"],"fullName":"safe public source fetching rejects disallowed URL https://127.0.0.1/docs","status":"passed","title":"rejects disallowed URL https://127.0.0.1/docs","duration":0.03779199999999605,"failureMessages":[],"meta":{},"tags":[],"benchmarks":[]},{"ancestorTitles":["safe public source fetching"],"fullName":"safe public source fetching rejects disallowed URL https://[::1]/docs","status":"passed","title":"rejects disallowed URL https://[::1]/docs","duration":0.0503750000000025,"failureMessages":[],"meta":{},"tags":[],"benchmarks":[]},{"ancestorTitles":["safe public source fetching"],"fullName":"safe public source fetching pins only fully public DNS answers","status":"passed","title":"pins only fully public DNS answers","duration":1.3022919999999942,"failureMessages":[],"meta":{},"tags":[],"benchmarks":[]},{"ancestorTitles":["safe public source fetching"],"fullName":"safe public source fetching honors specific robots and longest allow prefix","status":"passed","title":"honors specific robots and longest allow prefix","duration":0.2765410000000088,"failureMessages":[],"meta":{},"tags":[],"benchmarks":[]},{"ancestorTitles":["safe public source fetching"],"fullName":"safe public source fetching discovery rejects external entities and private references","status":"passed","title":"discovery rejects external entities and private references","duration":0.4738749999999925,"failureMessages":[],"meta":{},"tags":[],"benchmarks":[]},{"ancestorTitles":["safe public source fetching"],"fullName":"safe public source fetching bounds adversarial robots wildcard matching","status":"passed","title":"bounds adversarial robots wildcard matching","duration":0.10795799999999645,"failureMessages":[],"meta":{},"tags":[],"benchmarks":[]},{"ancestorTitles":["safe public source fetching"],"fullName":"safe public source fetching bounds stalled DNS","status":"passed","title":"bounds stalled DNS","duration":4.674915999999996,"failureMessages":[],"meta":{},"tags":[],"benchmarks":[]},{"ancestorTitles":["safe public source fetching"],"fullName":"safe public source fetching keeps query credentials out of citations","status":"passed","title":"keeps query credentials out of citations","duration":0.1265420000000006,"failureMessages":[],"meta":{},"tags":[],"benchmarks":[]},{"ancestorTitles":["versioned extraction and ranking"],"fullName":"versioned extraction and ranking preserves headings and table context without scripts or navigation","status":"passed","title":"preserves headings and table context without scripts or navigation","duration":1.3819170000000014,"failureMessages":[],"meta":{},"tags":[],"benchmarks":[]},{"ancestorTitles":["versioned extraction and ranking"],"fullName":"versioned extraction and ranking treats injected instructions as plain text","status":"passed","title":"treats injected instructions as plain text","duration":0.09991599999999323,"failureMessages":[],"meta":{},"tags":[],"benchmarks":[]},{"ancestorTitles":["versioned extraction and ranking"],"fullName":"versioned extraction and ranking normalizes repeated imports deterministically","status":"passed","title":"normalizes repeated imports deterministically","duration":0.3362499999999926,"failureMessages":[],"meta":{},"tags":[],"benchmarks":[]},{"ancestorTitles":["versioned extraction and ranking"],"fullName":"versioned extraction and ranking bounds long chunks and retains source anchors","status":"passed","title":"bounds long chunks and retains source anchors","duration":0.7174169999999975,"failureMessages":[],"meta":{},"tags":[],"benchmarks":[]},{"ancestorTitles":["versioned extraction and ranking"],"fullName":"versioned extraction and ranking fuses both search branches without claiming probability","status":"passed","title":"fuses both search branches without claiming probability","duration":0.12262499999999932,"failureMessages":[],"meta":{},"tags":[],"benchmarks":[]},{"ancestorTitles":["versioned extraction and ranking"],"fullName":"versioned extraction and ranking caps document dominance and duplicates","status":"passed","title":"caps document dominance and duplicates","duration":0.29604099999998823,"failureMessages":[],"meta":{},"tags":[],"benchmarks":[]},{"ancestorTitles":["versioned extraction and ranking"],"fullName":"versioned extraction and ranking enforces context token budget","status":"passed","title":"enforces context token budget","duration":0.05458300000000804,"failureMessages":[],"meta":{},"tags":[],"benchmarks":[]},{"ancestorTitles":["versioned extraction and ranking"],"fullName":"versioned extraction and ranking validity is half open","status":"passed","title":"validity is half open","duration":0.048582999999993604,"failureMessages":[],"meta":{},"tags":[],"benchmarks":[]},{"ancestorTitles":["versioned extraction and ranking"],"fullName":"versioned extraction and ranking adjacent fact windows do not conflict","status":"passed","title":"adjacent fact windows do not conflict","duration":0.0340839999999929,"failureMessages":[],"meta":{},"tags":[],"benchmarks":[]},{"ancestorTitles":["versioned extraction and ranking"],"fullName":"versioned extraction and ranking rejects incompatible or unusable vectors","status":"passed","title":"rejects incompatible or unusable vectors","duration":0.33216600000000085,"failureMessages":[],"meta":{},"tags":[],"benchmarks":[]},{"ancestorTitles":["versioned extraction and ranking"],"fullName":"versioned extraction and ranking rejects incompatible or unusable vectors","status":"passed","title":"rejects incompatible or unusable vectors","duration":0.052834000000004266,"failureMessages":[],"meta":{},"tags":[],"benchmarks":[]},{"ancestorTitles":["versioned extraction and ranking"],"fullName":"versioned extraction and ranking rejects incompatible or unusable vectors","status":"passed","title":"rejects incompatible or unusable vectors","duration":0.034874999999999545,"failureMessages":[],"meta":{},"tags":[],"benchmarks":[]},{"ancestorTitles":["versioned extraction and ranking"],"fullName":"versioned extraction and ranking rejects incompatible or unusable vectors","status":"passed","title":"rejects incompatible or unusable vectors","duration":0.03533399999999176,"failureMessages":[],"meta":{},"tags":[],"benchmarks":[]},{"ancestorTitles":["versioned extraction and ranking"],"fullName":"versioned extraction and ranking accepts matching synthetic vectors","status":"passed","title":"accepts matching synthetic vectors","duration":0.07920900000000586,"failureMessages":[],"meta":{},"tags":[],"benchmarks":[]},{"ancestorTitles":["versioned extraction and ranking"],"fullName":"versioned extraction and ranking extracts text from a real synthetic PDF container","status":"passed","title":"extracts text from a real synthetic PDF container","duration":253.96829199999996,"failureMessages":[],"meta":{},"tags":[],"benchmarks":[]},{"ancestorTitles":["versioned extraction and ranking"],"fullName":"versioned extraction and ranking extracts DOCX tables with the real parser","status":"passed","title":"extracts DOCX tables with the real parser","duration":99.808583,"failureMessages":[],"meta":{},"tags":[],"benchmarks":[]},{"ancestorTitles":["versioned extraction and ranking"],"fullName":"versioned extraction and ranking rejects corrupt PDF with a typed failure","status":"passed","title":"rejects corrupt PDF with a typed failure","duration":165.41999999999996,"failureMessages":[],"meta":{},"tags":[],"benchmarks":[]},{"ancestorTitles":["versioned extraction and ranking"],"fullName":"versioned extraction and ranking rejects invalid UTF-8 and unsupported MIME","status":"passed","title":"rejects invalid UTF-8 and unsupported MIME","duration":0.3372079999999187,"failureMessages":[],"meta":{},"tags":[],"benchmarks":[]},{"ancestorTitles":["versioned extraction and ranking"],"fullName":"versioned extraction and ranking rejects a central-directory underreported count","status":"passed","title":"rejects a central-directory underreported count","duration":0.26862500000004275,"failureMessages":[],"meta":{},"tags":[],"benchmarks":[]},{"ancestorTitles":["versioned extraction and ranking"],"fullName":"versioned extraction and ranking rejects duplicate document entries before Mammoth","status":"passed","title":"rejects duplicate document entries before Mammoth","duration":0.21658300000001418,"failureMessages":[],"meta":{},"tags":[],"benchmarks":[]},{"ancestorTitles":["versioned extraction and ranking"],"fullName":"versioned extraction and ranking rejects a fake ZIP before decompression","status":"passed","title":"rejects a fake ZIP before decompression","duration":0.11687499999993634,"failureMessages":[],"meta":{},"tags":[],"benchmarks":[]}],"startTime":1790055934653,"endTime":1790055935189.3372,"status":"passed","message":"","name":"/Users/marioeuchner/Documents/ChatGPT/EDS Orbit/packages/knowledge/tests/algorithms.test.ts"},{"assertionResults":[{"ancestorTitles":["isolated index generations / synthetic SQL mechanics only"],"fullName":"isolated index generations / synthetic SQL mechanics only requires an evaluated baseline checkpoint before the first alternate profile","status":"passed","title":"requires an evaluated baseline checkpoint before the first alternate profile","duration":138.11124999999998,"failureMessages":[],"meta":{},"tags":[],"benchmarks":[]},{"ancestorTitles":["isolated index generations / synthetic SQL mechanics only"],"fullName":"isolated index generations / synthetic SQL mechanics only keeps building generations separate and forbids premature/incomplete activation","status":"passed","title":"keeps building generations separate and forbids premature/incomplete activation","duration":142.41058299999997,"failureMessages":[],"meta":{},"tags":[],"benchmarks":[]},{"ancestorTitles":["isolated index generations / synthetic SQL mechanics only"],"fullName":"isolated index generations / synthetic SQL mechanics only requires real budget receipts for a live evaluation and immutable profile metadata","status":"passed","title":"requires real budget receipts for a live evaluation and immutable profile metadata","duration":152.30479200000002,"failureMessages":[],"meta":{},"tags":[],"benchmarks":[]},{"ancestorTitles":["isolated index generations / synthetic SQL mechanics only"],"fullName":"isolated index generations / synthetic SQL mechanics only atomically changes dimensions without mixing vectors and supports evaluated rollback","status":"passed","title":"atomically changes dimensions without mixing vectors and supports evaluated rollback","duration":78.82362499999999,"failureMessages":[],"meta":{},"tags":[],"benchmarks":[]},{"ancestorTitles":["isolated index generations / synthetic SQL mechanics only"],"fullName":"isolated index generations / synthetic SQL mechanics only revocation purges every vector generation and prevents stale build activation or rollback","status":"passed","title":"revocation purges every vector generation and prevents stale build activation or rollback","duration":45.142875000000004,"failureMessages":[],"meta":{},"tags":[],"benchmarks":[]}],"startTime":1790055931603,"endTime":1790055932160.1428,"status":"passed","message":"","name":"/Users/marioeuchner/Documents/ChatGPT/EDS Orbit/packages/knowledge/tests/index-generations.integration.test.ts"},{"assertionResults":[{"ancestorTitles":["PostgreSQL pgvector knowledge / nonprivileged RLS"],"fullName":"PostgreSQL pgvector knowledge / nonprivileged RLS eval export-en-1","status":"passed","title":"eval export-en-1","duration":38.01020900000003,"failureMessages":[],"meta":{},"tags":[],"benchmarks":[]},{"ancestorTitles":["PostgreSQL pgvector knowledge / nonprivileged RLS"],"fullName":"PostgreSQL pgvector knowledge / nonprivileged RLS eval export-en-2","status":"passed","title":"eval export-en-2","duration":29.625791999999933,"failureMessages":[],"meta":{},"tags":[],"benchmarks":[]},{"ancestorTitles":["PostgreSQL pgvector knowledge / nonprivileged RLS"],"fullName":"PostgreSQL pgvector knowledge / nonprivileged RLS eval export-de-1","status":"passed","title":"eval export-de-1","duration":29.190417000000025,"failureMessages":[],"meta":{},"tags":[],"benchmarks":[]},{"ancestorTitles":["PostgreSQL pgvector knowledge / nonprivileged RLS"],"fullName":"PostgreSQL pgvector knowledge / nonprivileged RLS eval export-de-2","status":"passed","title":"eval export-de-2","duration":28.334249999999997,"failureMessages":[],"meta":{},"tags":[],"benchmarks":[]},{"ancestorTitles":["PostgreSQL pgvector knowledge / nonprivileged RLS"],"fullName":"PostgreSQL pgvector knowledge / nonprivileged RLS eval roles-en-1","status":"passed","title":"eval roles-en-1","duration":28.180875000000015,"failureMessages":[],"meta":{},"tags":[],"benchmarks":[]},{"ancestorTitles":["PostgreSQL pgvector knowledge / nonprivileged RLS"],"fullName":"PostgreSQL pgvector knowledge / nonprivileged RLS eval roles-en-2","status":"passed","title":"eval roles-en-2","duration":29.6768330000001,"failureMessages":[],"meta":{},"tags":[],"benchmarks":[]},{"ancestorTitles":["PostgreSQL pgvector knowledge / nonprivileged RLS"],"fullName":"PostgreSQL pgvector knowledge / nonprivileged RLS eval roles-de-1","status":"passed","title":"eval roles-de-1","duration":27.833458999999948,"failureMessages":[],"meta":{},"tags":[],"benchmarks":[]},{"ancestorTitles":["PostgreSQL pgvector knowledge / nonprivileged RLS"],"fullName":"PostgreSQL pgvector knowledge / nonprivileged RLS eval roles-de-2","status":"passed","title":"eval roles-de-2","duration":27.525957999999946,"failureMessages":[],"meta":{},"tags":[],"benchmarks":[]},{"ancestorTitles":["PostgreSQL pgvector knowledge / nonprivileged RLS"],"fullName":"PostgreSQL pgvector knowledge / nonprivileged RLS eval pause-en-1","status":"passed","title":"eval pause-en-1","duration":26.851667000000134,"failureMessages":[],"meta":{},"tags":[],"benchmarks":[]},{"ancestorTitles":["PostgreSQL pgvector knowledge / nonprivileged RLS"],"fullName":"PostgreSQL pgvector knowledge / nonprivileged RLS eval pause-en-2","status":"passed","title":"eval pause-en-2","duration":26.958832999999913,"failureMessages":[],"meta":{},"tags":[],"benchmarks":[]},{"ancestorTitles":["PostgreSQL pgvector knowledge / nonprivileged RLS"],"fullName":"PostgreSQL pgvector knowledge / nonprivileged RLS eval pause-de-1","status":"passed","title":"eval pause-de-1","duration":28.755125000000135,"failureMessages":[],"meta":{},"tags":[],"benchmarks":[]},{"ancestorTitles":["PostgreSQL pgvector knowledge / nonprivileged RLS"],"fullName":"PostgreSQL pgvector knowledge / nonprivileged RLS eval pause-de-2","status":"passed","title":"eval pause-de-2","duration":33.24041599999987,"failureMessages":[],"meta":{},"tags":[],"benchmarks":[]},{"ancestorTitles":["PostgreSQL pgvector knowledge / nonprivileged RLS"],"fullName":"PostgreSQL pgvector knowledge / nonprivileged RLS eval sources-en-1","status":"passed","title":"eval sources-en-1","duration":28.30791700000009,"failureMessages":[],"meta":{},"tags":[],"benchmarks":[]},{"ancestorTitles":["PostgreSQL pgvector knowledge / nonprivileged RLS"],"fullName":"PostgreSQL pgvector knowledge / nonprivileged RLS eval sources-en-2","status":"passed","title":"eval sources-en-2","duration":27.173916999999847,"failureMessages":[],"meta":{},"tags":[],"benchmarks":[]},{"ancestorTitles":["PostgreSQL pgvector knowledge / nonprivileged RLS"],"fullName":"PostgreSQL pgvector knowledge / nonprivileged RLS eval sources-de-1","status":"passed","title":"eval sources-de-1","duration":27.773541999999907,"failureMessages":[],"meta":{},"tags":[],"benchmarks":[]},{"ancestorTitles":["PostgreSQL pgvector knowledge / nonprivileged RLS"],"fullName":"PostgreSQL pgvector knowledge / nonprivileged RLS eval sources-de-2","status":"passed","title":"eval sources-de-2","duration":27.148708999999826,"failureMessages":[],"meta":{},"tags":[],"benchmarks":[]},{"ancestorTitles":["PostgreSQL pgvector knowledge / nonprivileged RLS"],"fullName":"PostgreSQL pgvector knowledge / nonprivileged RLS eval freshness-en-1","status":"passed","title":"eval freshness-en-1","duration":27.147042000000056,"failureMessages":[],"meta":{},"tags":[],"benchmarks":[]},{"ancestorTitles":["PostgreSQL pgvector knowledge / nonprivileged RLS"],"fullName":"PostgreSQL pgvector knowledge / nonprivileged RLS eval freshness-en-2","status":"passed","title":"eval freshness-en-2","duration":29.402374999999893,"failureMessages":[],"meta":{},"tags":[],"benchmarks":[]},{"ancestorTitles":["PostgreSQL pgvector knowledge / nonprivileged RLS"],"fullName":"PostgreSQL pgvector knowledge / nonprivileged RLS eval freshness-de-1","status":"passed","title":"eval freshness-de-1","duration":26.664332999999942,"failureMessages":[],"meta":{},"tags":[],"benchmarks":[]},{"ancestorTitles":["PostgreSQL pgvector knowledge / nonprivileged RLS"],"fullName":"PostgreSQL pgvector knowledge / nonprivileged RLS eval freshness-de-2","status":"passed","title":"eval freshness-de-2","duration":26.61179100000004,"failureMessages":[],"meta":{},"tags":[],"benchmarks":[]},{"ancestorTitles":["PostgreSQL pgvector knowledge / nonprivileged RLS"],"fullName":"PostgreSQL pgvector knowledge / nonprivileged RLS eval budget-en-1","status":"passed","title":"eval budget-en-1","duration":27.074666999999863,"failureMessages":[],"meta":{},"tags":[],"benchmarks":[]},{"ancestorTitles":["PostgreSQL pgvector knowledge / nonprivileged RLS"],"fullName":"PostgreSQL pgvector knowledge / nonprivileged RLS eval budget-en-2","status":"passed","title":"eval budget-en-2","duration":29.312625000000025,"failureMessages":[],"meta":{},"tags":[],"benchmarks":[]},{"ancestorTitles":["PostgreSQL pgvector knowledge / nonprivileged RLS"],"fullName":"PostgreSQL pgvector knowledge / nonprivileged RLS eval budget-de-1","status":"passed","title":"eval budget-de-1","duration":29.321750000000065,"failureMessages":[],"meta":{},"tags":[],"benchmarks":[]},{"ancestorTitles":["PostgreSQL pgvector knowledge / nonprivileged RLS"],"fullName":"PostgreSQL pgvector knowledge / nonprivileged RLS eval budget-de-2","status":"passed","title":"eval budget-de-2","duration":28.29291699999999,"failureMessages":[],"meta":{},"tags":[],"benchmarks":[]},{"ancestorTitles":["PostgreSQL pgvector knowledge / nonprivileged RLS"],"fullName":"PostgreSQL pgvector knowledge / nonprivileged RLS eval recovery-en-1","status":"passed","title":"eval recovery-en-1","duration":25.983749999999873,"failureMessages":[],"meta":{},"tags":[],"benchmarks":[]},{"ancestorTitles":["PostgreSQL pgvector knowledge / nonprivileged RLS"],"fullName":"PostgreSQL pgvector knowledge / nonprivileged RLS eval recovery-en-2","status":"passed","title":"eval recovery-en-2","duration":27.551375000000007,"failureMessages":[],"meta":{},"tags":[],"benchmarks":[]},{"ancestorTitles":["PostgreSQL pgvector knowledge / nonprivileged RLS"],"fullName":"PostgreSQL pgvector knowledge / nonprivileged RLS eval recovery-de-1","status":"passed","title":"eval recovery-de-1","duration":30.28712500000006,"failureMessages":[],"meta":{},"tags":[],"benchmarks":[]},{"ancestorTitles":["PostgreSQL pgvector knowledge / nonprivileged RLS"],"fullName":"PostgreSQL pgvector knowledge / nonprivileged RLS eval recovery-de-2","status":"passed","title":"eval recovery-de-2","duration":27.089334000000008,"failureMessages":[],"meta":{},"tags":[],"benchmarks":[]},{"ancestorTitles":["PostgreSQL pgvector knowledge / nonprivileged RLS"],"fullName":"PostgreSQL pgvector knowledge / nonprivileged RLS eval assets-en-1","status":"passed","title":"eval assets-en-1","duration":28.852582999999868,"failureMessages":[],"meta":{},"tags":[],"benchmarks":[]},{"ancestorTitles":["PostgreSQL pgvector knowledge / nonprivileged RLS"],"fullName":"PostgreSQL pgvector knowledge / nonprivileged RLS eval assets-en-2","status":"passed","title":"eval assets-en-2","duration":28.23608400000012,"failureMessages":[],"meta":{},"tags":[],"benchmarks":[]},{"ancestorTitles":["PostgreSQL pgvector knowledge / nonprivileged RLS"],"fullName":"PostgreSQL pgvector knowledge / nonprivileged RLS eval assets-de-1","status":"passed","title":"eval assets-de-1","duration":29.484375,"failureMessages":[],"meta":{},"tags":[],"benchmarks":[]},{"ancestorTitles":["PostgreSQL pgvector knowledge / nonprivileged RLS"],"fullName":"PostgreSQL pgvector knowledge / nonprivileged RLS eval assets-de-2","status":"passed","title":"eval assets-de-2","duration":28.422667000000047,"failureMessages":[],"meta":{},"tags":[],"benchmarks":[]},{"ancestorTitles":["PostgreSQL pgvector knowledge / nonprivileged RLS"],"fullName":"PostgreSQL pgvector knowledge / nonprivileged RLS eval metrics-en-1","status":"passed","title":"eval metrics-en-1","duration":27.371541999999863,"failureMessages":[],"meta":{},"tags":[],"benchmarks":[]},{"ancestorTitles":["PostgreSQL pgvector knowledge / nonprivileged RLS"],"fullName":"PostgreSQL pgvector knowledge / nonprivileged RLS eval metrics-en-2","status":"passed","title":"eval metrics-en-2","duration":34.87287500000002,"failureMessages":[],"meta":{},"tags":[],"benchmarks":[]},{"ancestorTitles":["PostgreSQL pgvector knowledge / nonprivileged RLS"],"fullName":"PostgreSQL pgvector knowledge / nonprivileged RLS eval metrics-de-1","status":"passed","title":"eval metrics-de-1","duration":36.32404100000008,"failureMessages":[],"meta":{},"tags":[],"benchmarks":[]},{"ancestorTitles":["PostgreSQL pgvector knowledge / nonprivileged RLS"],"fullName":"PostgreSQL pgvector knowledge / nonprivileged RLS eval metrics-de-2","status":"passed","title":"eval metrics-de-2","duration":29.74174999999991,"failureMessages":[],"meta":{},"tags":[],"benchmarks":[]},{"ancestorTitles":["PostgreSQL pgvector knowledge / nonprivileged RLS"],"fullName":"PostgreSQL pgvector knowledge / nonprivileged RLS eval experiments-en-1","status":"passed","title":"eval experiments-en-1","duration":27.533959000000095,"failureMessages":[],"meta":{},"tags":[],"benchmarks":[]},{"ancestorTitles":["PostgreSQL pgvector knowledge / nonprivileged RLS"],"fullName":"PostgreSQL pgvector knowledge / nonprivileged RLS eval experiments-en-2","status":"passed","title":"eval experiments-en-2","duration":27.358249999999998,"failureMessages":[],"meta":{},"tags":[],"benchmarks":[]},{"ancestorTitles":["PostgreSQL pgvector knowledge / nonprivileged RLS"],"fullName":"PostgreSQL pgvector knowledge / nonprivileged RLS eval experiments-de-1","status":"passed","title":"eval experiments-de-1","duration":26.96379100000013,"failureMessages":[],"meta":{},"tags":[],"benchmarks":[]},{"ancestorTitles":["PostgreSQL pgvector knowledge / nonprivileged RLS"],"fullName":"PostgreSQL pgvector knowledge / nonprivileged RLS eval experiments-de-2","status":"passed","title":"eval experiments-de-2","duration":29.355542000000014,"failureMessages":[],"meta":{},"tags":[],"benchmarks":[]},{"ancestorTitles":["PostgreSQL pgvector knowledge / nonprivileged RLS"],"fullName":"PostgreSQL pgvector knowledge / nonprivileged RLS eval identifiers-en-1","status":"passed","title":"eval identifiers-en-1","duration":26.162708000000066,"failureMessages":[],"meta":{},"tags":[],"benchmarks":[]},{"ancestorTitles":["PostgreSQL pgvector knowledge / nonprivileged RLS"],"fullName":"PostgreSQL pgvector knowledge / nonprivileged RLS eval identifiers-en-2","status":"passed","title":"eval identifiers-en-2","duration":26.79933300000016,"failureMessages":[],"meta":{},"tags":[],"benchmarks":[]},{"ancestorTitles":["PostgreSQL pgvector knowledge / nonprivileged RLS"],"fullName":"PostgreSQL pgvector knowledge / nonprivileged RLS eval identifiers-de-1","status":"passed","title":"eval identifiers-de-1","duration":28.05383400000028,"failureMessages":[],"meta":{},"tags":[],"benchmarks":[]},{"ancestorTitles":["PostgreSQL pgvector knowledge / nonprivileged RLS"],"fullName":"PostgreSQL pgvector knowledge / nonprivileged RLS eval identifiers-de-2","status":"passed","title":"eval identifiers-de-2","duration":31.163332999999966,"failureMessages":[],"meta":{},"tags":[],"benchmarks":[]},{"ancestorTitles":["PostgreSQL pgvector knowledge / nonprivileged RLS"],"fullName":"PostgreSQL pgvector knowledge / nonprivileged RLS eval retention-en-1","status":"passed","title":"eval retention-en-1","duration":26.564332999999806,"failureMessages":[],"meta":{},"tags":[],"benchmarks":[]},{"ancestorTitles":["PostgreSQL pgvector knowledge / nonprivileged RLS"],"fullName":"PostgreSQL pgvector knowledge / nonprivileged RLS eval retention-en-2","status":"passed","title":"eval retention-en-2","duration":26.90658399999984,"failureMessages":[],"meta":{},"tags":[],"benchmarks":[]},{"ancestorTitles":["PostgreSQL pgvector knowledge / nonprivileged RLS"],"fullName":"PostgreSQL pgvector knowledge / nonprivileged RLS eval retention-de-1","status":"passed","title":"eval retention-de-1","duration":27.96137499999986,"failureMessages":[],"meta":{},"tags":[],"benchmarks":[]},{"ancestorTitles":["PostgreSQL pgvector knowledge / nonprivileged RLS"],"fullName":"PostgreSQL pgvector knowledge / nonprivileged RLS eval retention-de-2","status":"passed","title":"eval retention-de-2","duration":28.753541999999925,"failureMessages":[],"meta":{},"tags":[],"benchmarks":[]},{"ancestorTitles":["PostgreSQL pgvector knowledge / nonprivileged RLS"],"fullName":"PostgreSQL pgvector knowledge / nonprivileged RLS eval internal-en","status":"passed","title":"eval internal-en","duration":29.657333000000108,"failureMessages":[],"meta":{},"tags":[],"benchmarks":[]},{"ancestorTitles":["PostgreSQL pgvector knowledge / nonprivileged RLS"],"fullName":"PostgreSQL pgvector knowledge / nonprivileged RLS eval embargo-en","status":"passed","title":"eval embargo-en","duration":28.924290999999812,"failureMessages":[],"meta":{},"tags":[],"benchmarks":[]},{"ancestorTitles":["PostgreSQL pgvector knowledge / nonprivileged RLS"],"fullName":"PostgreSQL pgvector knowledge / nonprivileged RLS eval model_forbidden-en","status":"passed","title":"eval model_forbidden-en","duration":31.016374999999698,"failureMessages":[],"meta":{},"tags":[],"benchmarks":[]},{"ancestorTitles":["PostgreSQL pgvector knowledge / nonprivileged RLS"],"fullName":"PostgreSQL pgvector knowledge / nonprivileged RLS eval generated-en","status":"passed","title":"eval generated-en","duration":27.1154590000001,"failureMessages":[],"meta":{},"tags":[],"benchmarks":[]},{"ancestorTitles":["PostgreSQL pgvector knowledge / nonprivileged RLS"],"fullName":"PostgreSQL pgvector knowledge / nonprivileged RLS eval expired-en","status":"passed","title":"eval expired-en","duration":27.95333299999993,"failureMessages":[],"meta":{},"tags":[],"benchmarks":[]},{"ancestorTitles":["PostgreSQL pgvector knowledge / nonprivileged RLS"],"fullName":"PostgreSQL pgvector knowledge / nonprivileged RLS eval future-en","status":"passed","title":"eval future-en","duration":27.677250000000186,"failureMessages":[],"meta":{},"tags":[],"benchmarks":[]},{"ancestorTitles":["PostgreSQL pgvector knowledge / nonprivileged RLS"],"fullName":"PostgreSQL pgvector knowledge / nonprivileged RLS eval revoked-en","status":"passed","title":"eval revoked-en","duration":29.338750000000346,"failureMessages":[],"meta":{},"tags":[],"benchmarks":[]},{"ancestorTitles":["PostgreSQL pgvector knowledge / nonprivileged RLS"],"fullName":"PostgreSQL pgvector knowledge / nonprivileged RLS eval cross_project-en","status":"passed","title":"eval cross_project-en","duration":27.137083000000075,"failureMessages":[],"meta":{},"tags":[],"benchmarks":[]},{"ancestorTitles":["PostgreSQL pgvector knowledge / nonprivileged RLS"],"fullName":"PostgreSQL pgvector knowledge / nonprivileged RLS eval internal-de","status":"passed","title":"eval internal-de","duration":30.12583399999994,"failureMessages":[],"meta":{},"tags":[],"benchmarks":[]},{"ancestorTitles":["PostgreSQL pgvector knowledge / nonprivileged RLS"],"fullName":"PostgreSQL pgvector knowledge / nonprivileged RLS eval embargo-de","status":"passed","title":"eval embargo-de","duration":34.05220899999995,"failureMessages":[],"meta":{},"tags":[],"benchmarks":[]},{"ancestorTitles":["PostgreSQL pgvector knowledge / nonprivileged RLS"],"fullName":"PostgreSQL pgvector knowledge / nonprivileged RLS eval model_forbidden-de","status":"passed","title":"eval model_forbidden-de","duration":34.40229100000033,"failureMessages":[],"meta":{},"tags":[],"benchmarks":[]},{"ancestorTitles":["PostgreSQL pgvector knowledge / nonprivileged RLS"],"fullName":"PostgreSQL pgvector knowledge / nonprivileged RLS eval generated-de","status":"passed","title":"eval generated-de","duration":27.36045899999999,"failureMessages":[],"meta":{},"tags":[],"benchmarks":[]},{"ancestorTitles":["PostgreSQL pgvector knowledge / nonprivileged RLS"],"fullName":"PostgreSQL pgvector knowledge / nonprivileged RLS eval expired-de","status":"passed","title":"eval expired-de","duration":28.822041999999783,"failureMessages":[],"meta":{},"tags":[],"benchmarks":[]},{"ancestorTitles":["PostgreSQL pgvector knowledge / nonprivileged RLS"],"fullName":"PostgreSQL pgvector knowledge / nonprivileged RLS eval future-de","status":"passed","title":"eval future-de","duration":27.472834000000148,"failureMessages":[],"meta":{},"tags":[],"benchmarks":[]},{"ancestorTitles":["PostgreSQL pgvector knowledge / nonprivileged RLS"],"fullName":"PostgreSQL pgvector knowledge / nonprivileged RLS eval revoked-de","status":"passed","title":"eval revoked-de","duration":27.73245799999995,"failureMessages":[],"meta":{},"tags":[],"benchmarks":[]},{"ancestorTitles":["PostgreSQL pgvector knowledge / nonprivileged RLS"],"fullName":"PostgreSQL pgvector knowledge / nonprivileged RLS eval cross_project-de","status":"passed","title":"eval cross_project-de","duration":29.35266700000011,"failureMessages":[],"meta":{},"tags":[],"benchmarks":[]},{"ancestorTitles":["PostgreSQL pgvector knowledge / nonprivileged RLS"],"fullName":"PostgreSQL pgvector knowledge / nonprivileged RLS uses nonowner nonsuperuser nonbypass app role","status":"passed","title":"uses nonowner nonsuperuser nonbypass app role","duration":2.204040999999961,"failureMessages":[],"meta":{},"tags":[],"benchmarks":[]},{"ancestorTitles":["PostgreSQL pgvector knowledge / nonprivileged RLS"],"fullName":"PostgreSQL pgvector knowledge / nonprivileged RLS forbids unscoped access and pooled project leakage","status":"passed","title":"forbids unscoped access and pooled project leakage","duration":31.385874999999942,"failureMessages":[],"meta":{},"tags":[],"benchmarks":[]},{"ancestorTitles":["PostgreSQL pgvector knowledge / nonprivileged RLS"],"fullName":"PostgreSQL pgvector knowledge / nonprivileged RLS denies forged tenant inserts","status":"passed","title":"denies forged tenant inserts","duration":8.28566600000022,"failureMessages":[],"meta":{},"tags":[],"benchmarks":[]},{"ancestorTitles":["PostgreSQL pgvector knowledge / nonprivileged RLS"],"fullName":"PostgreSQL pgvector knowledge / nonprivileged RLS denies cross-project source foreign keys","status":"passed","title":"denies cross-project source foreign keys","duration":5.94983400000001,"failureMessages":[],"meta":{},"tags":[],"benchmarks":[]},{"ancestorTitles":["PostgreSQL pgvector knowledge / nonprivileged RLS"],"fullName":"PostgreSQL pgvector knowledge / nonprivileged RLS deduplicates unchanged import and leaves complete version after failed embedding batch","status":"passed","title":"deduplicates unchanged import and leaves complete version after failed embedding batch","duration":27.56208400000014,"failureMessages":[],"meta":{},"tags":[],"benchmarks":[]},{"ancestorTitles":["PostgreSQL pgvector knowledge / nonprivileged RLS"],"fullName":"PostgreSQL pgvector knowledge / nonprivileged RLS title and validity changes create versions and invalidate prior evidence","status":"passed","title":"title and validity changes create versions and invalidate prior evidence","duration":79.76887500000021,"failureMessages":[],"meta":{},"tags":[],"benchmarks":[]},{"ancestorTitles":["PostgreSQL pgvector knowledge / nonprivileged RLS"],"fullName":"PostgreSQL pgvector knowledge / nonprivileged RLS mandatory source set restricts both vector and lexical results and reports missing required sources","status":"passed","title":"mandatory source set restricts both vector and lexical results and reports missing required sources","duration":59.81916599999977,"failureMessages":[],"meta":{},"tags":[],"benchmarks":[]},{"ancestorTitles":["PostgreSQL pgvector knowledge / nonprivileged RLS"],"fullName":"PostgreSQL pgvector knowledge / nonprivileged RLS retrieves lexical plus real pgvector SQL with explicit synthetic test vectors","status":"passed","title":"retrieves lexical plus real pgvector SQL with explicit synthetic test vectors","duration":57.23683299999993,"failureMessages":[],"meta":{},"tags":[],"benchmarks":[]},{"ancestorTitles":["PostgreSQL pgvector knowledge / nonprivileged RLS"],"fullName":"PostgreSQL pgvector knowledge / nonprivileged RLS facts win over generated content and conflicts block evidence","status":"passed","title":"facts win over generated content and conflicts block evidence","duration":103.90437500000007,"failureMessages":[],"meta":{},"tags":[],"benchmarks":[]},{"ancestorTitles":["PostgreSQL pgvector knowledge / nonprivileged RLS"],"fullName":"PostgreSQL pgvector knowledge / nonprivileged RLS K05: facts honor timezone-equivalent half-open intervals and execution-time expiry","status":"passed","title":"K05: facts honor timezone-equivalent half-open intervals and execution-time expiry","duration":48.472541999999976,"failureMessages":[],"meta":{},"tags":[],"benchmarks":[]},{"ancestorTitles":["PostgreSQL pgvector knowledge / nonprivileged RLS"],"fullName":"PostgreSQL pgvector knowledge / nonprivileged RLS resolves a complete conflict group atomically and preserves predecessor identities","status":"passed","title":"resolves a complete conflict group atomically and preserves predecessor identities","duration":99.56087500000012,"failureMessages":[],"meta":{},"tags":[],"benchmarks":[]},{"ancestorTitles":["PostgreSQL pgvector knowledge / nonprivileged RLS"],"fullName":"PostgreSQL pgvector knowledge / nonprivileged RLS revocation queues a worker-readable reconciliation job for uncertain publication","status":"passed","title":"revocation queues a worker-readable reconciliation job for uncertain publication","duration":87.60366699999986,"failureMessages":[],"meta":{},"tags":[],"benchmarks":[]},{"ancestorTitles":["PostgreSQL pgvector knowledge / nonprivileged RLS"],"fullName":"PostgreSQL pgvector knowledge / nonprivileged RLS preserves terminal execution receipts while flagging invalidated dependencies","status":"passed","title":"preserves terminal execution receipts while flagging invalidated dependencies","duration":44.63283300000012,"failureMessages":[],"meta":{},"tags":[],"benchmarks":[]},{"ancestorTitles":["PostgreSQL pgvector knowledge / nonprivileged RLS"],"fullName":"PostgreSQL pgvector knowledge / nonprivileged RLS fact withdrawal invalidates dependent workflow while retaining unrelated verified facts","status":"passed","title":"fact withdrawal invalidates dependent workflow while retaining unrelated verified facts","duration":128.17404199999964,"failureMessages":[],"meta":{},"tags":[],"benchmarks":[]},{"ancestorTitles":["PostgreSQL pgvector knowledge / nonprivileged RLS"],"fullName":"PostgreSQL pgvector knowledge / nonprivileged RLS source revocation purges vectors/evidence and fences jobs","status":"passed","title":"source revocation purges vectors/evidence and fences jobs","duration":77.40816700000005,"failureMessages":[],"meta":{},"tags":[],"benchmarks":[]},{"ancestorTitles":["PostgreSQL pgvector knowledge / nonprivileged RLS"],"fullName":"PostgreSQL pgvector knowledge / nonprivileged RLS pause/resume cannot revive an old ingestion or embedding job","status":"passed","title":"pause/resume cannot revive an old ingestion or embedding job","duration":21.830875000000106,"failureMessages":[],"meta":{},"tags":[],"benchmarks":[]},{"ancestorTitles":["PostgreSQL pgvector knowledge / nonprivileged RLS"],"fullName":"PostgreSQL pgvector knowledge / nonprivileged RLS document tombstone prevents a repeated import after deletion","status":"passed","title":"document tombstone prevents a repeated import after deletion","duration":30.964834000000337,"failureMessages":[],"meta":{},"tags":[],"benchmarks":[]},{"ancestorTitles":["PostgreSQL pgvector knowledge / nonprivileged RLS"],"fullName":"PostgreSQL pgvector knowledge / nonprivileged RLS external model permission is independent from public use","status":"passed","title":"external model permission is independent from public use","duration":17.892999999999574,"failureMessages":[],"meta":{},"tags":[],"benchmarks":[]}],"startTime":1790055921999,"endTime":1790055924777.893,"status":"passed","message":"","name":"/Users/marioeuchner/Documents/ChatGPT/EDS Orbit/packages/knowledge/tests/knowledge.integration.test.ts"},{"assertionResults":[{"ancestorTitles":["brand asset boundaries"],"fullName":"brand asset boundaries normalizes an uploaded raster, strips metadata, and starts outside approval","status":"passed","title":"normalizes an uploaded raster, strips metadata, and starts outside approval","duration":118.22679099999999,"failureMessages":[],"meta":{},"tags":[],"benchmarks":[]},{"ancestorTitles":["brand asset boundaries"],"fullName":"brand asset boundaries rejects a declared MIME type that does not match the bytes","status":"passed","title":"rejects a declared MIME type that does not match the bytes","duration":36.40704199999999,"failureMessages":[],"meta":{},"tags":[],"benchmarks":[]},{"ancestorTitles":["brand asset boundaries"],"fullName":"brand asset boundaries never exposes stored image bytes in an entity response","status":"passed","title":"never exposes stored image bytes in an entity response","duration":0.37541699999997036,"failureMessages":[],"meta":{},"tags":[],"benchmarks":[]},{"ancestorTitles":["OpenAI image generation gates"],"fullName":"OpenAI image generation gates requires an allowlisted image model and a verified non-zero cost ceiling","status":"passed","title":"requires an allowlisted image model and a verified non-zero cost ceiling","duration":1.8637919999999895,"failureMessages":[],"meta":{},"tags":[],"benchmarks":[]},{"ancestorTitles":["OpenAI image generation gates"],"fullName":"OpenAI image generation gates reports a dedicated image key without returning encrypted key material","status":"passed","title":"reports a dedicated image key without returning encrypted key material","duration":0.5827080000000251,"failureMessages":[],"meta":{},"tags":[],"benchmarks":[]},{"ancestorTitles":["OpenAI image generation gates"],"fullName":"OpenAI image generation gates requires explicit prompt transmission and exact maximum-cost confirmation","status":"passed","title":"requires explicit prompt transmission and exact maximum-cost confirmation","duration":0.618583000000001,"failureMessages":[],"meta":{},"tags":[],"benchmarks":[]},{"ancestorTitles":["OpenAI image generation gates"],"fullName":"OpenAI image generation gates builds a brand-bounded prompt without requesting generated logos or copy","status":"passed","title":"builds a brand-bounded prompt without requesting generated logos or copy","duration":0.14100000000001955,"failureMessages":[],"meta":{},"tags":[],"benchmarks":[]}],"startTime":1790055937349,"endTime":1790055937508.141,"status":"passed","message":"","name":"/Users/marioeuchner/Documents/ChatGPT/EDS Orbit/apps/api/tests/assets.unit.test.ts"},{"assertionResults":[{"ancestorTitles":["Authentication and project API boundary"],"fullName":"Authentication and project API boundary A02: requires authenticated session and rejects public registration","status":"passed","title":"A02: requires authenticated session and rejects public registration","duration":1.779875000000061,"failureMessages":[],"meta":{},"tags":[],"benchmarks":[]},{"ancestorTitles":["Authentication and project API boundary"],"fullName":"Authentication and project API boundary A03/A24: viewer reads assigned project only and cannot inspect another project","status":"passed","title":"A03/A24: viewer reads assigned project only and cannot inspect another project","duration":57.44245799999999,"failureMessages":[],"meta":{},"tags":[],"benchmarks":[]},{"ancestorTitles":["Authentication and project API boundary"],"fullName":"Authentication and project API boundary A03: viewer cannot mutate, upload, generate images or manage project membership","status":"passed","title":"A03: viewer cannot mutate, upload, generate images or manage project membership","duration":19.22449999999992,"failureMessages":[],"meta":{},"tags":[],"benchmarks":[]},{"ancestorTitles":["Authentication and project API boundary"],"fullName":"Authentication and project API boundary A24: cross-origin writes are refused before parsing","status":"passed","title":"A24: cross-origin writes are refused before parsing","duration":0.2982080000000451,"failureMessages":[],"meta":{},"tags":[],"benchmarks":[]},{"ancestorTitles":["Authentication and project API boundary"],"fullName":"Authentication and project API boundary A02: owner can create project with valid member relation and no production defaults","status":"passed","title":"A02: owner can create project with valid member relation and no production defaults","duration":17.298958999999968,"failureMessages":[],"meta":{},"tags":[],"benchmarks":[]}],"startTime":1790055934439,"endTime":1790055934535.299,"status":"passed","message":"","name":"/Users/marioeuchner/Documents/ChatGPT/EDS Orbit/apps/api/tests/auth.integration.test.ts"},{"assertionResults":[{"ancestorTitles":["Real PostgreSQL marketing control plane"],"fullName":"Real PostgreSQL marketing control plane A04/A07/A26: mission yields evidence, reviewed claims and test publication","status":"passed","title":"A04/A07/A26: mission yields evidence, reviewed claims and test publication","duration":328.04058299999997,"failureMessages":[],"meta":{},"tags":[],"benchmarks":[]},{"ancestorTitles":["Real PostgreSQL marketing control plane"],"fullName":"Real PostgreSQL marketing control plane A08: Observe blocks live write independently of content prompt","status":"passed","title":"A08: Observe blocks live write independently of content prompt","duration":117.37062500000002,"failureMessages":[],"meta":{},"tags":[],"benchmarks":[]},{"ancestorTitles":["Real PostgreSQL marketing control plane"],"fullName":"Real PostgreSQL marketing control plane A09/A11/A21: Assisted needs an exact once-consumed versioned approval","status":"passed","title":"A09/A11/A21: Assisted needs an exact once-consumed versioned approval","duration":156.44729099999995,"failureMessages":[],"meta":{},"tags":[],"benchmarks":[]},{"ancestorTitles":["Real PostgreSQL marketing control plane"],"fullName":"Real PostgreSQL marketing control plane A12/K29: parallel reservations cannot exceed daily limit; unknown is reserved","status":"passed","title":"A12/K29: parallel reservations cannot exceed daily limit; unknown is reserved","duration":111.616083,"failureMessages":[],"meta":{},"tags":[],"benchmarks":[]},{"ancestorTitles":["Real PostgreSQL marketing control plane"],"fullName":"Real PostgreSQL marketing control plane A22: pause denies new intents even with valid previous approvals","status":"passed","title":"A22: pause denies new intents even with valid previous approvals","duration":96.559708,"failureMessages":[],"meta":{},"tags":[],"benchmarks":[]},{"ancestorTitles":["Real PostgreSQL marketing control plane"],"fullName":"Real PostgreSQL marketing control plane A27/K27: small sample creates hypothesis with explicit limitations","status":"passed","title":"A27/K27: small sample creates hypothesis with explicit limitations","duration":60.63483299999996,"failureMessages":[],"meta":{},"tags":[],"benchmarks":[]},{"ancestorTitles":["Real PostgreSQL marketing control plane"],"fullName":"Real PostgreSQL marketing control plane K16/K24: revoke invalidates public evidence and content and removes chunks","status":"passed","title":"K16/K24: revoke invalidates public evidence and content and removes chunks","duration":84.691958,"failureMessages":[],"meta":{},"tags":[],"benchmarks":[]}],"startTime":1790055930335,"endTime":1790055931290.692,"status":"passed","message":"","name":"/Users/marioeuchner/Documents/ChatGPT/EDS Orbit/apps/api/tests/core.integration.test.ts"},{"assertionResults":[{"ancestorTitles":[],"fullName":"accepts a bounded versioned marketing profile contract","status":"passed","title":"accepts a bounded versioned marketing profile contract","duration":3.0591249999999945,"failureMessages":[],"meta":{},"tags":[],"benchmarks":[]},{"ancestorTitles":[],"fullName":"rejects unbounded brand colors and unsupported font presets","status":"passed","title":"rejects unbounded brand colors and unsupported font presets","duration":0.6262499999999989,"failureMessages":[],"meta":{},"tags":[],"benchmarks":[]},{"ancestorTitles":[],"fullName":"retains exclusive campaign context in mission and content contracts","status":"passed","title":"retains exclusive campaign context in mission and content contracts","duration":1.5654169999999965,"failureMessages":[],"meta":{},"tags":[],"benchmarks":[]}],"startTime":1790055938130,"endTime":1790055938135.5654,"status":"passed","message":"","name":"/Users/marioeuchner/Documents/ChatGPT/EDS Orbit/apps/api/tests/marketing-profile.unit.test.ts"},{"assertionResults":[{"ancestorTitles":["Paid call races / real SQL cost journal / mocked provider only"],"fullName":"Paid call races / real SQL cost journal / mocked provider only A12/SR01: source withdrawal after model response records cost, refuses content, and retry makes no paid call","status":"passed","title":"A12/SR01: source withdrawal after model response records cost, refuses content, and retry makes no paid call","duration":312.73675000000003,"failureMessages":[],"meta":{},"tags":[],"benchmarks":[]},{"ancestorTitles":["Paid call races / real SQL cost journal / mocked provider only"],"fullName":"Paid call races / real SQL cost journal / mocked provider only pause during model response refuses output after settling actual usage","status":"passed","title":"pause during model response refuses output after settling actual usage","duration":93.04049999999995,"failureMessages":[],"meta":{},"tags":[],"benchmarks":[]},{"ancestorTitles":["Paid call races / real SQL cost journal / mocked provider only"],"fullName":"Paid call races / real SQL cost journal / mocked provider only mission and paid mandate expiry during a response refuse output after settling","status":"passed","title":"mission and paid mandate expiry during a response refuse output after settling","duration":87.35691599999996,"failureMessages":[],"meta":{},"tags":[],"benchmarks":[]},{"ancestorTitles":["Paid call races / real SQL cost journal / mocked provider only"],"fullName":"Paid call races / real SQL cost journal / mocked provider only query and text share the owner per-run budget instead of each spending the full cap","status":"passed","title":"query and text share the owner per-run budget instead of each spending the full cap","duration":72.16920800000003,"failureMessages":[],"meta":{},"tags":[],"benchmarks":[]},{"ancestorTitles":["Paid call races / real SQL cost journal / mocked provider only"],"fullName":"Paid call races / real SQL cost journal / mocked provider only an unresolved prior work package cannot start another paid generation","status":"passed","title":"an unresolved prior work package cannot start another paid generation","duration":27.365584000000013,"failureMessages":[],"meta":{},"tags":[],"benchmarks":[]},{"ancestorTitles":["Paid call races / real SQL cost journal / mocked provider only"],"fullName":"Paid call races / real SQL cost journal / mocked provider only unknown provider outcome holds reservation and cannot be silently retried","status":"passed","title":"unknown provider outcome holds reservation and cannot be silently retried","duration":85.36574999999993,"failureMessages":[],"meta":{},"tags":[],"benchmarks":[]},{"ancestorTitles":["Paid call races / real SQL cost journal / mocked provider only"],"fullName":"Paid call races / real SQL cost journal / mocked provider only query policy pause preserves cost and refuses the now-unapproved evidence result","status":"passed","title":"query policy pause preserves cost and refuses the now-unapproved evidence result","duration":35.97604200000001,"failureMessages":[],"meta":{},"tags":[],"benchmarks":[]},{"ancestorTitles":["Paid call races / real SQL cost journal / mocked provider only"],"fullName":"Paid call races / real SQL cost journal / mocked provider only K17/K29: revoked source quarantines a successful document embedding result with its cost","status":"passed","title":"K17/K29: revoked source quarantines a successful document embedding result with its cost","duration":60.88287500000001,"failureMessages":[],"meta":{},"tags":[],"benchmarks":[]},{"ancestorTitles":["Paid call races / real SQL cost journal / mocked provider only"],"fullName":"Paid call races / real SQL cost journal / mocked provider only K17/K29: persists and resumes a document larger than 32 chunks in bounded paid jobs","status":"passed","title":"K17/K29: persists and resumes a document larger than 32 chunks in bounded paid jobs","duration":275.148375,"failureMessages":[],"meta":{},"tags":[],"benchmarks":[]},{"ancestorTitles":["Paid call races / real SQL cost journal / mocked provider only"],"fullName":"Paid call races / real SQL cost journal / mocked provider only K17: rechecks source rights before a chained embedding batch","status":"passed","title":"K17: rechecks source rights before a chained embedding batch","duration":117.0222920000001,"failureMessages":[],"meta":{},"tags":[],"benchmarks":[]},{"ancestorTitles":["Paid call races / real SQL cost journal / mocked provider only"],"fullName":"Paid call races / real SQL cost journal / mocked provider only K17: rechecks document freshness before a chained embedding batch","status":"passed","title":"K17: rechecks document freshness before a chained embedding batch","duration":130.83137499999998,"failureMessages":[],"meta":{},"tags":[],"benchmarks":[]},{"ancestorTitles":["Paid call races / real SQL cost journal / mocked provider only"],"fullName":"Paid call races / real SQL cost journal / mocked provider only resumes persisted progress after a terminal embedding batch","status":"passed","title":"resumes persisted progress after a terminal embedding batch","duration":136.8243339999999,"failureMessages":[],"meta":{},"tags":[],"benchmarks":[]},{"ancestorTitles":["Paid call races / real SQL cost journal / mocked provider only"],"fullName":"Paid call races / real SQL cost journal / mocked provider only K18/K29: changed source rights quarantine reindex response, preserve charge, and block retry","status":"passed","title":"K18/K29: changed source rights quarantine reindex response, preserve charge, and block retry","duration":60.97758399999998,"failureMessages":[],"meta":{},"tags":[],"benchmarks":[]},{"ancestorTitles":["Paid call races / real SQL cost journal / mocked provider only"],"fullName":"Paid call races / real SQL cost journal / mocked provider only index evaluation rejects insufficient negative coverage and denied budget before query transmission","status":"passed","title":"index evaluation rejects insufficient negative coverage and denied budget before query transmission","duration":99.82170899999983,"failureMessages":[],"meta":{},"tags":[],"benchmarks":[]},{"ancestorTitles":["Paid call races / real SQL cost journal / mocked provider only"],"fullName":"Paid call races / real SQL cost journal / mocked provider only 64-query mocked evaluation uses two bounded paid batches, persists quality results, and never auto-activates","status":"passed","title":"64-query mocked evaluation uses two bounded paid batches, persists quality results, and never auto-activates","duration":306.82562499999995,"failureMessages":[],"meta":{},"tags":[],"benchmarks":[]},{"ancestorTitles":["Paid call races / real SQL cost journal / mocked provider only"],"fullName":"Paid call races / real SQL cost journal / mocked provider only index evaluation quarantines successful query responses after source rights change and preserves cost","status":"passed","title":"index evaluation quarantines successful query responses after source rights change and preserves cost","duration":97.84162500000002,"failureMessages":[],"meta":{},"tags":[],"benchmarks":[]},{"ancestorTitles":["Paid call races / real SQL cost journal / mocked provider only"],"fullName":"Paid call races / real SQL cost journal / mocked provider only a completed generation job resumes the same content without another charge or work package","status":"passed","title":"a completed generation job resumes the same content without another charge or work package","duration":90.39558299999999,"failureMessages":[],"meta":{},"tags":[],"benchmarks":[]},{"ancestorTitles":["Paid call races / real SQL cost journal / mocked provider only"],"fullName":"Paid call races / real SQL cost journal / mocked provider only duplicate concurrent generation job cannot pay for the query embedding twice","status":"passed","title":"duplicate concurrent generation job cannot pay for the query embedding twice","duration":93.43574999999964,"failureMessages":[],"meta":{},"tags":[],"benchmarks":[]}],"startTime":1790055925095,"endTime":1790055927279.4358,"status":"passed","message":"","name":"/Users/marioeuchner/Documents/ChatGPT/EDS Orbit/apps/api/tests/paid.integration.test.ts"},{"assertionResults":[{"ancestorTitles":["Safety regressions against restricted PostgreSQL roles"],"fullName":"Safety regressions against restricted PostgreSQL roles SR02/A11: omitted publish date inherits the saved approved schedule and cannot run early","status":"passed","title":"SR02/A11: omitted publish date inherits the saved approved schedule and cannot run early","duration":214.57150000000001,"failureMessages":[],"meta":{},"tags":[],"benchmarks":[]},{"ancestorTitles":["Safety regressions against restricted PostgreSQL roles"],"fullName":"Safety regressions against restricted PostgreSQL roles SR03/A21: oldest idempotency key remains effective beyond 500 jobs","status":"passed","title":"SR03/A21: oldest idempotency key remains effective beyond 500 jobs","duration":113.093167,"failureMessages":[],"meta":{},"tags":[],"benchmarks":[]},{"ancestorTitles":["Safety regressions against restricted PostgreSQL roles"],"fullName":"Safety regressions against restricted PostgreSQL roles SR04: changing publisher connector changes the approval package","status":"passed","title":"SR04: changing publisher connector changes the approval package","duration":60.268249999999966,"failureMessages":[],"meta":{},"tags":[],"benchmarks":[]},{"ancestorTitles":["Safety regressions against restricted PostgreSQL roles"],"fullName":"Safety regressions against restricted PostgreSQL roles SR01/A12: in-flight or settled reservation never authorizes a second transmission","status":"passed","title":"SR01/A12: in-flight or settled reservation never authorizes a second transmission","duration":48.05616699999996,"failureMessages":[],"meta":{},"tags":[],"benchmarks":[]},{"ancestorTitles":["Safety regressions against restricted PostgreSQL roles"],"fullName":"Safety regressions against restricted PostgreSQL roles A20: ambiguous publication is never blindly claimed again","status":"passed","title":"A20: ambiguous publication is never blindly claimed again","duration":69.64429200000006,"failureMessages":[],"meta":{},"tags":[],"benchmarks":[]},{"ancestorTitles":["Safety regressions against restricted PostgreSQL roles"],"fullName":"Safety regressions against restricted PostgreSQL roles K27/B08: correcting metrics invalidates insight and deletion purges historical memory","status":"passed","title":"K27/B08: correcting metrics invalidates insight and deletion purges historical memory","duration":43.891874999999914,"failureMessages":[],"meta":{},"tags":[],"benchmarks":[]},{"ancestorTitles":["Safety regressions against restricted PostgreSQL roles"],"fullName":"Safety regressions against restricted PostgreSQL roles A27: experiment with inadequate samples never declares a winner","status":"passed","title":"A27: experiment with inadequate samples never declares a winner","duration":24.852874999999926,"failureMessages":[],"meta":{},"tags":[],"benchmarks":[]},{"ancestorTitles":["Safety regressions against restricted PostgreSQL roles"],"fullName":"Safety regressions against restricted PostgreSQL roles B03: calendar blocks stop pending publication and require new review after release","status":"passed","title":"B03: calendar blocks stop pending publication and require new review after release","duration":95.22233300000005,"failureMessages":[],"meta":{},"tags":[],"benchmarks":[]},{"ancestorTitles":["Safety regressions against restricted PostgreSQL roles"],"fullName":"Safety regressions against restricted PostgreSQL roles B06: seven-day cycle updates knowledge, survives a pause, keeps an exception and follows measured memory within quota","status":"passed","title":"B06: seven-day cycle updates knowledge, survives a pause, keeps an exception and follows measured memory within quota","duration":209.7772500000001,"failureMessages":[],"meta":{},"tags":[],"benchmarks":[]},{"ancestorTitles":["Safety regressions against restricted PostgreSQL roles"],"fullName":"Safety regressions against restricted PostgreSQL roles B06 prerequisite: seven simulated daily sweeps preserve one bounded durable mission job","status":"passed","title":"B06 prerequisite: seven simulated daily sweeps preserve one bounded durable mission job","duration":66.820833,"failureMessages":[],"meta":{},"tags":[],"benchmarks":[]}],"startTime":1790055929235,"endTime":1790055930181.8208,"status":"passed","message":"","name":"/Users/marioeuchner/Documents/ChatGPT/EDS Orbit/apps/api/tests/safety.integration.test.ts"},{"assertionResults":[{"ancestorTitles":["A23 real SQL scheduling across Berlin DST and competing campaigns"],"fullName":"A23 real SQL scheduling across Berlin DST and competing campaigns fall-back stores both 02:30 instants distinctly and never repeats the same package","status":"passed","title":"fall-back stores both 02:30 instants distinctly and never repeats the same package","duration":340.76191600000004,"failureMessages":[],"meta":{},"tags":[],"benchmarks":[]},{"ancestorTitles":["A23 real SQL scheduling across Berlin DST and competing campaigns"],"fullName":"A23 real SQL scheduling across Berlin DST and competing campaigns spring-forward spacing uses elapsed instants across the missing 02:00 hour","status":"passed","title":"spring-forward spacing uses elapsed instants across the missing 02:00 hour","duration":136.66312499999992,"failureMessages":[],"meta":{},"tags":[],"benchmarks":[]},{"ancestorTitles":["A23 real SQL scheduling across Berlin DST and competing campaigns"],"fullName":"A23 real SQL scheduling across Berlin DST and competing campaigns parallel campaigns share Berlin-day quota across UTC midnight and reset at local midnight","status":"passed","title":"parallel campaigns share Berlin-day quota across UTC midnight and reset at local midnight","duration":120.72191700000008,"failureMessages":[],"meta":{},"tags":[],"benchmarks":[]},{"ancestorTitles":["A23 real SQL scheduling across Berlin DST and competing campaigns"],"fullName":"A23 real SQL scheduling across Berlin DST and competing campaigns parallel campaigns cannot overrun the shared channel spacing fence","status":"passed","title":"parallel campaigns cannot overrun the shared channel spacing fence","duration":68.88191600000005,"failureMessages":[],"meta":{},"tags":[],"benchmarks":[]},{"ancestorTitles":["A25 authenticated workspace pause"],"fullName":"A25 authenticated workspace pause workspace owner fences all projects while a project editor is denied","status":"passed","title":"workspace owner fences all projects while a project editor is denied","duration":428.41033300000004,"failureMessages":[],"meta":{},"tags":[],"benchmarks":[]}],"startTime":1790055927894,"endTime":1790055928990.4104,"status":"passed","message":"","name":"/Users/marioeuchner/Documents/ChatGPT/EDS Orbit/apps/api/tests/scheduling.integration.test.ts"},{"assertionResults":[{"ancestorTitles":[],"fullName":"A06 task routing and bounded escalation","status":"passed","title":"A06 task routing and bounded escalation","duration":1.1448749999999848,"failureMessages":[],"meta":{},"tags":[],"benchmarks":[]},{"ancestorTitles":[],"fullName":"A11 canonical package hash binds data independent of property ordering","status":"passed","title":"A11 canonical package hash binds data independent of property ordering","duration":5.01124999999999,"failureMessages":[],"meta":{},"tags":[],"benchmarks":[]},{"ancestorTitles":[],"fullName":"A25 credential encryption uses random nonce and rejects modifications","status":"passed","title":"A25 credential encryption uses random nonce and rejects modifications","duration":0.5460840000000076,"failureMessages":[],"meta":{},"tags":[],"benchmarks":[]},{"ancestorTitles":[],"fullName":"A24 schemas reject unbounded payload and unexpected tool permissions","status":"passed","title":"A24 schemas reject unbounded payload and unexpected tool permissions","duration":3.222167000000013,"failureMessages":[],"meta":{},"tags":[],"benchmarks":[]},{"ancestorTitles":[],"fullName":"OpenAI configuration validates current model pricing and never exposes its encrypted key","status":"passed","title":"OpenAI configuration validates current model pricing and never exposes its encrypted key","duration":3.086250000000007,"failureMessages":[],"meta":{},"tags":[],"benchmarks":[]},{"ancestorTitles":[],"fullName":"OpenAI configuration permits saving an encrypted key before model pricing is approved","status":"passed","title":"OpenAI configuration permits saving an encrypted key before model pricing is approved","duration":0.14129199999999287,"failureMessages":[],"meta":{},"tags":[],"benchmarks":[]},{"ancestorTitles":[],"fullName":"OpenAI configuration allows an unverified bounded escalation route while preserving normal-route verification","status":"passed","title":"OpenAI configuration allows an unverified bounded escalation route while preserving normal-route verification","duration":0.3522089999999878,"failureMessages":[],"meta":{},"tags":[],"benchmarks":[]},{"ancestorTitles":[],"fullName":"OpenAI runtime uses the persisted configuration for model and rate authorization","status":"passed","title":"OpenAI runtime uses the persisted configuration for model and rate authorization","duration":0.15166600000000585,"failureMessages":[],"meta":{},"tags":[],"benchmarks":[]},{"ancestorTitles":[],"fullName":"Knowledge import preview detects duplicate canonical URLs before commit","status":"passed","title":"Knowledge import preview detects duplicate canonical URLs before commit","duration":0.864292000000006,"failureMessages":[],"meta":{},"tags":[],"benchmarks":[]},{"ancestorTitles":[],"fullName":"Knowledge import validates historical authority and bulk fact rows before commit","status":"passed","title":"Knowledge import validates historical authority and bulk fact rows before commit","duration":0.24337500000001455,"failureMessages":[],"meta":{},"tags":[],"benchmarks":[]},{"ancestorTitles":[],"fullName":"Knowledge import accepts portable fact type aliases from CSV and JSON templates","status":"passed","title":"Knowledge import accepts portable fact type aliases from CSV and JSON templates","duration":0.5059589999999901,"failureMessages":[],"meta":{},"tags":[],"benchmarks":[]},{"ancestorTitles":[],"fullName":"Bulk facts preserve unqualified numeric and product-status values as text","status":"passed","title":"Bulk facts preserve unqualified numeric and product-status values as text","duration":0.10037499999998545,"failureMessages":[],"meta":{},"tags":[],"benchmarks":[]}],"startTime":1790055937935,"endTime":1790055937951.1003,"status":"passed","message":"","name":"/Users/marioeuchner/Documents/ChatGPT/EDS Orbit/apps/api/tests/unit.test.ts"},{"assertionResults":[{"ancestorTitles":["Editorial workflows with isolated PostgreSQL state"],"fullName":"Editorial workflows with isolated PostgreSQL state groups authorized untrusted imports, isolates complaints, preserves provenance and deduplicates reimports","status":"passed","title":"groups authorized untrusted imports, isolates complaints, preserves provenance and deduplicates reimports","duration":80.38862499999999,"failureMessages":[],"meta":{},"tags":[],"benchmarks":[]},{"ancestorTitles":["Editorial workflows with isolated PostgreSQL state"],"fullName":"Editorial workflows with isolated PostgreSQL state rejects absent authorization, viewer writes and changed stable import IDs","status":"passed","title":"rejects absent authorization, viewer writes and changed stable import IDs","duration":34.776666999999975,"failureMessages":[],"meta":{},"tags":[],"benchmarks":[]},{"ancestorTitles":["Editorial workflows with isolated PostgreSQL state"],"fullName":"Editorial workflows with isolated PostgreSQL state links drafts/missions only in the current project and protects group versions","status":"passed","title":"links drafts/missions only in the current project and protects group versions","duration":72.48779200000001,"failureMessages":[],"meta":{},"tags":[],"benchmarks":[]},{"ancestorTitles":["Editorial workflows with isolated PostgreSQL state"],"fullName":"Editorial workflows with isolated PostgreSQL state proposes only editable local text and leaves numbers, dates and permissions unknown","status":"passed","title":"proposes only editable local text and leaves numbers, dates and permissions unknown","duration":2.264250000000004,"failureMessages":[],"meta":{},"tags":[],"benchmarks":[]},{"ancestorTitles":["Editorial workflows with isolated PostgreSQL state"],"fullName":"Editorial workflows with isolated PostgreSQL state creates channel adaptations with current evidence and lineage but no approval/schedule","status":"passed","title":"creates channel adaptations with current evidence and lineage but no approval/schedule","duration":74.90241700000001,"failureMessages":[],"meta":{},"tags":[],"benchmarks":[]},{"ancestorTitles":["Editorial workflows with isolated PostgreSQL state"],"fullName":"Editorial workflows with isolated PostgreSQL state blocks stale parent versions and revoked evidence before creating a derivative","status":"passed","title":"blocks stale parent versions and revoked evidence before creating a derivative","duration":39.63975000000005,"failureMessages":[],"meta":{},"tags":[],"benchmarks":[]}],"startTime":1790055936017,"endTime":1790055936321.6396,"status":"passed","message":"","name":"/Users/marioeuchner/Documents/ChatGPT/EDS Orbit/apps/api/src/modules/editorial.integration.test.ts"},{"assertionResults":[{"ancestorTitles":["Matomo report normalization"],"fullName":"Matomo report normalization uses site-local 23/25-hour DST intervals","status":"passed","title":"uses site-local 23/25-hour DST intervals","duration":10.515375000000006,"failureMessages":[],"meta":{},"tags":[],"benchmarks":[]},{"ancestorTitles":["Matomo report normalization"],"fullName":"Matomo report normalization preserves missing versus zero and never relabels actions as clicks or revenue as spend","status":"passed","title":"preserves missing versus zero and never relabels actions as clicks or revenue as spend","duration":2.9118330000000014,"failureMessages":[],"meta":{},"tags":[],"benchmarks":[]},{"ancestorTitles":["Matomo report normalization"],"fullName":"Matomo report normalization separates report denominators and strips private page URL query values","status":"passed","title":"separates report denominators and strips private page URL query values","duration":0.7753749999999968,"failureMessages":[],"meta":{},"tags":[],"benchmarks":[]},{"ancestorTitles":["Matomo report normalization"],"fullName":"Matomo report normalization rejects malformed dates, scope mismatches, duplicate row IDs and invalid metric values","status":"passed","title":"rejects malformed dates, scope mismatches, duplicate row IDs and invalid metric values","duration":1.546042,"failureMessages":[],"meta":{},"tags":[],"benchmarks":[]},{"ancestorTitles":["Matomo mocked report / real scoped SQL import"],"fullName":"Matomo mocked report / real scoped SQL import imports, deduplicates a repeat, preserves correction versions and invalidates old insights","status":"passed","title":"imports, deduplicates a repeat, preserves correction versions and invalidates old insights","duration":187.98033399999997,"failureMessages":[],"meta":{},"tags":[],"benchmarks":[]},{"ancestorTitles":["Matomo mocked report / real scoped SQL import"],"fullName":"Matomo mocked report / real scoped SQL import refuses connector/site/role mismatch before the report read","status":"passed","title":"refuses connector/site/role mismatch before the report read","duration":14.447375000000022,"failureMessages":[],"meta":{},"tags":[],"benchmarks":[]},{"ancestorTitles":["Matomo mocked report / real scoped SQL import"],"fullName":"Matomo mocked report / real scoped SQL import fences a connector permission change during the external read","status":"passed","title":"fences a connector permission change during the external read","duration":23.051458999999966,"failureMessages":[],"meta":{},"tags":[],"benchmarks":[]},{"ancestorTitles":["Matomo mocked report / real scoped SQL import"],"fullName":"Matomo mocked report / real scoped SQL import treats no configured goals as unavailable conversions and preserves known zero otherwise","status":"passed","title":"treats no configured goals as unavailable conversions and preserves known zero otherwise","duration":32.63758300000001,"failureMessages":[],"meta":{},"tags":[],"benchmarks":[]},{"ancestorTitles":["Matomo mocked report / real scoped SQL import"],"fullName":"Matomo mocked report / real scoped SQL import prevents insights from adding site totals to campaign/page report denominators","status":"passed","title":"prevents insights from adding site totals to campaign/page report denominators","duration":33.475082999999984,"failureMessages":[],"meta":{},"tags":[],"benchmarks":[]}],"startTime":1790055936862,"endTime":1790055937173.475,"status":"passed","message":"","name":"/Users/marioeuchner/Documents/ChatGPT/EDS Orbit/apps/api/src/modules/matomo.integration.test.ts"},{"assertionResults":[{"ancestorTitles":["Owner-scoped Postiz proof with real database and injected provider"],"fullName":"Owner-scoped Postiz proof with real database and injected provider prepares an exact fixed package without transmission and fails closed for default gates","status":"passed","title":"prepares an exact fixed package without transmission and fails closed for default gates","duration":63.60554099999999,"failureMessages":[],"meta":{},"tags":[],"benchmarks":[]},{"ancestorTitles":["Owner-scoped Postiz proof with real database and injected provider"],"fullName":"Owner-scoped Postiz proof with real database and injected provider enables only the observed account after receipt then PUBLISHED status, never just HTTP success","status":"passed","title":"enables only the observed account after receipt then PUBLISHED status, never just HTTP success","duration":80.72420799999998,"failureMessages":[],"meta":{},"tags":[],"benchmarks":[]},{"ancestorTitles":["Owner-scoped Postiz proof with real database and injected provider"],"fullName":"Owner-scoped Postiz proof with real database and injected provider does not grant verification for queued, absent or wrong-account observations","status":"passed","title":"does not grant verification for queued, absent or wrong-account observations","duration":56.808875,"failureMessages":[],"meta":{},"tags":[],"benchmarks":[]},{"ancestorTitles":["Owner-scoped Postiz proof with real database and injected provider"],"fullName":"Owner-scoped Postiz proof with real database and injected provider never automatically retries an unknown create or interrupted sending claim","status":"passed","title":"never automatically retries an unknown create or interrupted sending claim","duration":41.206083999999976,"failureMessages":[],"meta":{},"tags":[],"benchmarks":[]},{"ancestorTitles":["Owner-scoped Postiz proof with real database and injected provider"],"fullName":"Owner-scoped Postiz proof with real database and injected provider rejects stale package, expired approval, changed connector and pause before handoff","status":"passed","title":"rejects stale package, expired approval, changed connector and pause before handoff","duration":34.24558400000001,"failureMessages":[],"meta":{},"tags":[],"benchmarks":[]},{"ancestorTitles":["Owner-scoped Postiz proof with real database and injected provider"],"fullName":"Owner-scoped Postiz proof with real database and injected provider binds approved PNG bytes, persists upload receipt and verifies media only after publication","status":"passed","title":"binds approved PNG bytes, persists upload receipt and verifies media only after publication","duration":49.10320899999999,"failureMessages":[],"meta":{},"tags":[],"benchmarks":[]},{"ancestorTitles":["Owner-scoped Postiz proof with real database and injected provider"],"fullName":"Owner-scoped Postiz proof with real database and injected provider prevents post handoff when the approved PNG changes during upload","status":"passed","title":"prevents post handoff when the approved PNG changes during upload","duration":41.67137500000001,"failureMessages":[],"meta":{},"tags":[],"benchmarks":[]},{"ancestorTitles":["Owner-scoped Postiz proof with real database and injected provider"],"fullName":"Owner-scoped Postiz proof with real database and injected provider rechecks current owner membership and project scope","status":"passed","title":"rechecks current owner membership and project scope","duration":10.75345799999991,"failureMessages":[],"meta":{},"tags":[],"benchmarks":[]}],"startTime":1790055935403,"endTime":1790055935780.7534,"status":"passed","message":"","name":"/Users/marioeuchner/Documents/ChatGPT/EDS Orbit/apps/api/src/modules/postiz-verification.integration.test.ts"},{"assertionResults":[{"ancestorTitles":["Slack durable flow with real database, isolated transport and simulated quality gate"],"fullName":"Slack durable flow with real database, isolated transport and simulated quality gate deduplicates durable digests and refuses the default external gate without transport","status":"passed","title":"deduplicates durable digests and refuses the default external gate without transport","duration":113.55529199999998,"failureMessages":[],"meta":{},"tags":[],"benchmarks":[]},{"ancestorTitles":["Slack durable flow with real database, isolated transport and simulated quality gate"],"fullName":"Slack durable flow with real database, isolated transport and simulated quality gate sends once using mocked HTTPS then accepts one signed mapped-owner pause","status":"passed","title":"sends once using mocked HTTPS then accepts one signed mapped-owner pause","duration":289.67029099999996,"failureMessages":[],"meta":{},"tags":[],"benchmarks":[]},{"ancestorTitles":["Slack durable flow with real database, isolated transport and simulated quality gate"],"fullName":"Slack durable flow with real database, isolated transport and simulated quality gate keeps network ambiguity and recovered interrupted sends unknown without retry","status":"passed","title":"keeps network ambiguity and recovered interrupted sends unknown without retry","duration":141.18429200000003,"failureMessages":[],"meta":{},"tags":[],"benchmarks":[]},{"ancestorTitles":["Slack durable flow with real database, isolated transport and simulated quality gate"],"fullName":"Slack durable flow with real database, isolated transport and simulated quality gate rejects a consumed or expired resource reference even with a fresh valid signature","status":"passed","title":"rejects a consumed or expired resource reference even with a fresh valid signature","duration":165.55316699999992,"failureMessages":[],"meta":{},"tags":[],"benchmarks":[]},{"ancestorTitles":["Slack durable flow with real database, isolated transport and simulated quality gate"],"fullName":"Slack durable flow with real database, isolated transport and simulated quality gate binds a signed approval to the displayed exact package without publishing","status":"passed","title":"binds a signed approval to the displayed exact package without publishing","duration":370.02700000000004,"failureMessages":[],"meta":{},"tags":[],"benchmarks":[]},{"ancestorTitles":["Slack durable flow with real database, isolated transport and simulated quality gate"],"fullName":"Slack durable flow with real database, isolated transport and simulated quality gate blocks a stale content snapshot before any Slack data egress","status":"passed","title":"blocks a stale content snapshot before any Slack data egress","duration":92.98199999999997,"failureMessages":[],"meta":{},"tags":[],"benchmarks":[]}],"startTime":1790055932414,"endTime":1790055933587.982,"status":"passed","message":"","name":"/Users/marioeuchner/Documents/ChatGPT/EDS Orbit/apps/api/src/modules/slack.integration.test.ts"}]}