{"numTotalTestSuites":43,"numPassedTestSuites":43,"numFailedTestSuites":0,"numPendingTestSuites":0,"numTotalTests":253,"numPassedTests":253,"numFailedTests":0,"numPendingTests":0,"numTodoTests":0,"snapshot":{"added":0,"failure":false,"filesAdded":0,"filesRemoved":0,"filesRemovedList":[],"filesUnmatched":0,"filesUpdated":0,"matched":0,"total":0,"unchecked":0,"uncheckedKeysByFile":[],"unmatched":0,"updated":0,"didUpdate":false},"startTime":1789651301859,"success":true,"testResults":[{"assertionResults":[{"ancestorTitles":["Authentication and project API boundary"],"fullName":"Authentication and project API boundary A02: requires authenticated session and rejects public registration","status":"passed","title":"A02: requires authenticated session and rejects public registration","duration":1.600999999999999,"failureMessages":[],"meta":{},"tags":[],"benchmarks":[]},{"ancestorTitles":["Authentication and project API boundary"],"fullName":"Authentication and project API boundary A03/A24: viewer reads assigned project only and cannot inspect another project","status":"passed","title":"A03/A24: viewer reads assigned project only and cannot inspect another project","duration":41.848166000000106,"failureMessages":[],"meta":{},"tags":[],"benchmarks":[]},{"ancestorTitles":["Authentication and project API boundary"],"fullName":"Authentication and project API boundary A03: viewer cannot mutate or manage project membership","status":"passed","title":"A03: viewer cannot mutate or manage project membership","duration":11.104499999999916,"failureMessages":[],"meta":{},"tags":[],"benchmarks":[]},{"ancestorTitles":["Authentication and project API boundary"],"fullName":"Authentication and project API boundary A24: cross-origin writes are refused before parsing","status":"passed","title":"A24: cross-origin writes are refused before parsing","duration":0.3344170000000304,"failureMessages":[],"meta":{},"tags":[],"benchmarks":[]},{"ancestorTitles":["Authentication and project API boundary"],"fullName":"Authentication and project API boundary A02: owner can create project with valid member relation and no production defaults","status":"passed","title":"A02: owner can create project with valid member relation and no production defaults","duration":15.604124999999954,"failureMessages":[],"meta":{},"tags":[],"benchmarks":[]}],"startTime":1789651317820,"endTime":1789651317890.604,"status":"passed","message":"","name":"/Users/marioeuchner/Documents/ChatGPT/EDS Orbit/apps/api/tests/auth.integration.test.ts"},{"assertionResults":[{"ancestorTitles":["Real PostgreSQL marketing control plane"],"fullName":"Real PostgreSQL marketing control plane A04/A07/A26: mission yields evidence, reviewed claims and test publication","status":"passed","title":"A04/A07/A26: mission yields evidence, reviewed claims and test publication","duration":216.73325,"failureMessages":[],"meta":{},"tags":[],"benchmarks":[]},{"ancestorTitles":["Real PostgreSQL marketing control plane"],"fullName":"Real PostgreSQL marketing control plane A08: Observe blocks live write independently of content prompt","status":"passed","title":"A08: Observe blocks live write independently of content prompt","duration":83.61837500000001,"failureMessages":[],"meta":{},"tags":[],"benchmarks":[]},{"ancestorTitles":["Real PostgreSQL marketing control plane"],"fullName":"Real PostgreSQL marketing control plane A09/A11/A21: Assisted needs an exact once-consumed versioned approval","status":"passed","title":"A09/A11/A21: Assisted needs an exact once-consumed versioned approval","duration":100.07700000000006,"failureMessages":[],"meta":{},"tags":[],"benchmarks":[]},{"ancestorTitles":["Real PostgreSQL marketing control plane"],"fullName":"Real PostgreSQL marketing control plane A12/K29: parallel reservations cannot exceed daily limit; unknown is reserved","status":"passed","title":"A12/K29: parallel reservations cannot exceed daily limit; unknown is reserved","duration":102.13912499999992,"failureMessages":[],"meta":{},"tags":[],"benchmarks":[]},{"ancestorTitles":["Real PostgreSQL marketing control plane"],"fullName":"Real PostgreSQL marketing control plane A22: pause denies new intents even with valid previous approvals","status":"passed","title":"A22: pause denies new intents even with valid previous approvals","duration":102.40266699999995,"failureMessages":[],"meta":{},"tags":[],"benchmarks":[]},{"ancestorTitles":["Real PostgreSQL marketing control plane"],"fullName":"Real PostgreSQL marketing control plane A27/K27: small sample creates hypothesis with explicit limitations","status":"passed","title":"A27/K27: small sample creates hypothesis with explicit limitations","duration":49.051624999999945,"failureMessages":[],"meta":{},"tags":[],"benchmarks":[]},{"ancestorTitles":["Real PostgreSQL marketing control plane"],"fullName":"Real PostgreSQL marketing control plane K16/K24: revoke invalidates public evidence and content and removes chunks","status":"passed","title":"K16/K24: revoke invalidates public evidence and content and removes chunks","duration":71.94225000000006,"failureMessages":[],"meta":{},"tags":[],"benchmarks":[]}],"startTime":1789651315016,"endTime":1789651315741.9421,"status":"passed","message":"","name":"/Users/marioeuchner/Documents/ChatGPT/EDS Orbit/apps/api/tests/core.integration.test.ts"},{"assertionResults":[{"ancestorTitles":["Paid call races / real SQL cost journal / mocked provider only"],"fullName":"Paid call races / real SQL cost journal / mocked provider only A12/SR01: source withdrawal after model response records cost, refuses content, and retry makes no paid call","status":"passed","title":"A12/SR01: source withdrawal after model response records cost, refuses content, and retry makes no paid call","duration":259.496041,"failureMessages":[],"meta":{},"tags":[],"benchmarks":[]},{"ancestorTitles":["Paid call races / real SQL cost journal / mocked provider only"],"fullName":"Paid call races / real SQL cost journal / mocked provider only pause during model response refuses output after settling actual usage","status":"passed","title":"pause during model response refuses output after settling actual usage","duration":74.909625,"failureMessages":[],"meta":{},"tags":[],"benchmarks":[]},{"ancestorTitles":["Paid call races / real SQL cost journal / mocked provider only"],"fullName":"Paid call races / real SQL cost journal / mocked provider only mission and paid mandate expiry during a response refuse output after settling","status":"passed","title":"mission and paid mandate expiry during a response refuse output after settling","duration":68.889791,"failureMessages":[],"meta":{},"tags":[],"benchmarks":[]},{"ancestorTitles":["Paid call races / real SQL cost journal / mocked provider only"],"fullName":"Paid call races / real SQL cost journal / mocked provider only query and text share the owner per-run budget instead of each spending the full cap","status":"passed","title":"query and text share the owner per-run budget instead of each spending the full cap","duration":57.35220800000002,"failureMessages":[],"meta":{},"tags":[],"benchmarks":[]},{"ancestorTitles":["Paid call races / real SQL cost journal / mocked provider only"],"fullName":"Paid call races / real SQL cost journal / mocked provider only an unresolved prior work package cannot start another paid generation","status":"passed","title":"an unresolved prior work package cannot start another paid generation","duration":20.7108750000001,"failureMessages":[],"meta":{},"tags":[],"benchmarks":[]},{"ancestorTitles":["Paid call races / real SQL cost journal / mocked provider only"],"fullName":"Paid call races / real SQL cost journal / mocked provider only unknown provider outcome holds reservation and cannot be silently retried","status":"passed","title":"unknown provider outcome holds reservation and cannot be silently retried","duration":82.239916,"failureMessages":[],"meta":{},"tags":[],"benchmarks":[]},{"ancestorTitles":["Paid call races / real SQL cost journal / mocked provider only"],"fullName":"Paid call races / real SQL cost journal / mocked provider only query policy pause preserves cost and refuses the now-unapproved evidence result","status":"passed","title":"query policy pause preserves cost and refuses the now-unapproved evidence result","duration":39.88229100000001,"failureMessages":[],"meta":{},"tags":[],"benchmarks":[]},{"ancestorTitles":["Paid call races / real SQL cost journal / mocked provider only"],"fullName":"Paid call races / real SQL cost journal / mocked provider only K17/K29: revoked source quarantines a successful document embedding result with its cost","status":"passed","title":"K17/K29: revoked source quarantines a successful document embedding result with its cost","duration":56.449250000000006,"failureMessages":[],"meta":{},"tags":[],"benchmarks":[]},{"ancestorTitles":["Paid call races / real SQL cost journal / mocked provider only"],"fullName":"Paid call races / real SQL cost journal / mocked provider only K18/K29: changed source rights quarantine reindex response, preserve charge, and block retry","status":"passed","title":"K18/K29: changed source rights quarantine reindex response, preserve charge, and block retry","duration":51.67562500000008,"failureMessages":[],"meta":{},"tags":[],"benchmarks":[]},{"ancestorTitles":["Paid call races / real SQL cost journal / mocked provider only"],"fullName":"Paid call races / real SQL cost journal / mocked provider only index evaluation rejects insufficient negative coverage and denied budget before query transmission","status":"passed","title":"index evaluation rejects insufficient negative coverage and denied budget before query transmission","duration":72.670209,"failureMessages":[],"meta":{},"tags":[],"benchmarks":[]},{"ancestorTitles":["Paid call races / real SQL cost journal / mocked provider only"],"fullName":"Paid call races / real SQL cost journal / mocked provider only 64-query mocked evaluation uses two bounded paid batches, persists quality results, and never auto-activates","status":"passed","title":"64-query mocked evaluation uses two bounded paid batches, persists quality results, and never auto-activates","duration":250.48516600000005,"failureMessages":[],"meta":{},"tags":[],"benchmarks":[]},{"ancestorTitles":["Paid call races / real SQL cost journal / mocked provider only"],"fullName":"Paid call races / real SQL cost journal / mocked provider only index evaluation quarantines successful query responses after source rights change and preserves cost","status":"passed","title":"index evaluation quarantines successful query responses after source rights change and preserves cost","duration":78.44766600000003,"failureMessages":[],"meta":{},"tags":[],"benchmarks":[]},{"ancestorTitles":["Paid call races / real SQL cost journal / mocked provider only"],"fullName":"Paid call races / real SQL cost journal / mocked provider only a completed generation job resumes the same content without another charge or work package","status":"passed","title":"a completed generation job resumes the same content without another charge or work package","duration":79.63412500000004,"failureMessages":[],"meta":{},"tags":[],"benchmarks":[]},{"ancestorTitles":["Paid call races / real SQL cost journal / mocked provider only"],"fullName":"Paid call races / real SQL cost journal / mocked provider only duplicate concurrent generation job cannot pay for the query embedding twice","status":"passed","title":"duplicate concurrent generation job cannot pay for the query embedding twice","duration":75.94162499999993,"failureMessages":[],"meta":{},"tags":[],"benchmarks":[]}],"startTime":1789651311242,"endTime":1789651312511.9417,"status":"passed","message":"","name":"/Users/marioeuchner/Documents/ChatGPT/EDS Orbit/apps/api/tests/paid.integration.test.ts"},{"assertionResults":[{"ancestorTitles":["Safety regressions against restricted PostgreSQL roles"],"fullName":"Safety regressions against restricted PostgreSQL roles SR02/A11: omitted publish date inherits the saved approved schedule and cannot run early","status":"passed","title":"SR02/A11: omitted publish date inherits the saved approved schedule and cannot run early","duration":133.20429199999998,"failureMessages":[],"meta":{},"tags":[],"benchmarks":[]},{"ancestorTitles":["Safety regressions against restricted PostgreSQL roles"],"fullName":"Safety regressions against restricted PostgreSQL roles SR03/A21: oldest idempotency key remains effective beyond 500 jobs","status":"passed","title":"SR03/A21: oldest idempotency key remains effective beyond 500 jobs","duration":77.36320799999999,"failureMessages":[],"meta":{},"tags":[],"benchmarks":[]},{"ancestorTitles":["Safety regressions against restricted PostgreSQL roles"],"fullName":"Safety regressions against restricted PostgreSQL roles SR04: changing publisher connector changes the approval package","status":"passed","title":"SR04: changing publisher connector changes the approval package","duration":44.81524999999999,"failureMessages":[],"meta":{},"tags":[],"benchmarks":[]},{"ancestorTitles":["Safety regressions against restricted PostgreSQL roles"],"fullName":"Safety regressions against restricted PostgreSQL roles SR01/A12: in-flight or settled reservation never authorizes a second transmission","status":"passed","title":"SR01/A12: in-flight or settled reservation never authorizes a second transmission","duration":30.152333,"failureMessages":[],"meta":{},"tags":[],"benchmarks":[]},{"ancestorTitles":["Safety regressions against restricted PostgreSQL roles"],"fullName":"Safety regressions against restricted PostgreSQL roles A20: ambiguous publication is never blindly claimed again","status":"passed","title":"A20: ambiguous publication is never blindly claimed again","duration":54.49533300000002,"failureMessages":[],"meta":{},"tags":[],"benchmarks":[]},{"ancestorTitles":["Safety regressions against restricted PostgreSQL roles"],"fullName":"Safety regressions against restricted PostgreSQL roles K27/B08: correcting metrics invalidates insight and deletion purges historical memory","status":"passed","title":"K27/B08: correcting metrics invalidates insight and deletion purges historical memory","duration":34.48412499999995,"failureMessages":[],"meta":{},"tags":[],"benchmarks":[]},{"ancestorTitles":["Safety regressions against restricted PostgreSQL roles"],"fullName":"Safety regressions against restricted PostgreSQL roles A27: experiment with inadequate samples never declares a winner","status":"passed","title":"A27: experiment with inadequate samples never declares a winner","duration":18.54708299999993,"failureMessages":[],"meta":{},"tags":[],"benchmarks":[]},{"ancestorTitles":["Safety regressions against restricted PostgreSQL roles"],"fullName":"Safety regressions against restricted PostgreSQL roles B03: calendar blocks stop pending publication and require new review after release","status":"passed","title":"B03: calendar blocks stop pending publication and require new review after release","duration":70.46837500000004,"failureMessages":[],"meta":{},"tags":[],"benchmarks":[]},{"ancestorTitles":["Safety regressions against restricted PostgreSQL roles"],"fullName":"Safety regressions against restricted PostgreSQL roles B06: seven-day cycle updates knowledge, survives a pause, keeps an exception and follows measured memory within quota","status":"passed","title":"B06: seven-day cycle updates knowledge, survives a pause, keeps an exception and follows measured memory within quota","duration":165.27133400000002,"failureMessages":[],"meta":{},"tags":[],"benchmarks":[]},{"ancestorTitles":["Safety regressions against restricted PostgreSQL roles"],"fullName":"Safety regressions against restricted PostgreSQL roles B06 prerequisite: seven simulated daily sweeps preserve one bounded durable mission job","status":"passed","title":"B06 prerequisite: seven simulated daily sweeps preserve one bounded durable mission job","duration":50.13270900000009,"failureMessages":[],"meta":{},"tags":[],"benchmarks":[]}],"startTime":1789651314204,"endTime":1789651314883.1328,"status":"passed","message":"","name":"/Users/marioeuchner/Documents/ChatGPT/EDS Orbit/apps/api/tests/safety.integration.test.ts"},{"assertionResults":[{"ancestorTitles":["A23 real SQL scheduling across Berlin DST and competing campaigns"],"fullName":"A23 real SQL scheduling across Berlin DST and competing campaigns fall-back stores both 02:30 instants distinctly and never repeats the same package","status":"passed","title":"fall-back stores both 02:30 instants distinctly and never repeats the same package","duration":303.145292,"failureMessages":[],"meta":{},"tags":[],"benchmarks":[]},{"ancestorTitles":["A23 real SQL scheduling across Berlin DST and competing campaigns"],"fullName":"A23 real SQL scheduling across Berlin DST and competing campaigns spring-forward spacing uses elapsed instants across the missing 02:00 hour","status":"passed","title":"spring-forward spacing uses elapsed instants across the missing 02:00 hour","duration":105.039083,"failureMessages":[],"meta":{},"tags":[],"benchmarks":[]},{"ancestorTitles":["A23 real SQL scheduling across Berlin DST and competing campaigns"],"fullName":"A23 real SQL scheduling across Berlin DST and competing campaigns parallel campaigns share Berlin-day quota across UTC midnight and reset at local midnight","status":"passed","title":"parallel campaigns share Berlin-day quota across UTC midnight and reset at local midnight","duration":126.74583299999995,"failureMessages":[],"meta":{},"tags":[],"benchmarks":[]},{"ancestorTitles":["A23 real SQL scheduling across Berlin DST and competing campaigns"],"fullName":"A23 real SQL scheduling across Berlin DST and competing campaigns parallel campaigns cannot overrun the shared channel spacing fence","status":"passed","title":"parallel campaigns cannot overrun the shared channel spacing fence","duration":70.55283399999996,"failureMessages":[],"meta":{},"tags":[],"benchmarks":[]},{"ancestorTitles":["A25 authenticated workspace pause"],"fullName":"A25 authenticated workspace pause workspace owner fences all projects while a project editor is denied","status":"passed","title":"workspace owner fences all projects while a project editor is denied","duration":375.063042,"failureMessages":[],"meta":{},"tags":[],"benchmarks":[]}],"startTime":1789651312995,"endTime":1789651313977.063,"status":"passed","message":"","name":"/Users/marioeuchner/Documents/ChatGPT/EDS Orbit/apps/api/tests/scheduling.integration.test.ts"},{"assertionResults":[{"ancestorTitles":[],"fullName":"A06 task routing and bounded escalation","status":"passed","title":"A06 task routing and bounded escalation","duration":0.9682499999999976,"failureMessages":[],"meta":{},"tags":[],"benchmarks":[]},{"ancestorTitles":[],"fullName":"A11 canonical package hash binds data independent of property ordering","status":"passed","title":"A11 canonical package hash binds data independent of property ordering","duration":5.714667000000006,"failureMessages":[],"meta":{},"tags":[],"benchmarks":[]},{"ancestorTitles":[],"fullName":"A25 credential encryption uses random nonce and rejects modifications","status":"passed","title":"A25 credential encryption uses random nonce and rejects modifications","duration":0.548458999999994,"failureMessages":[],"meta":{},"tags":[],"benchmarks":[]},{"ancestorTitles":[],"fullName":"A24 schemas reject unbounded payload and unexpected tool permissions","status":"passed","title":"A24 schemas reject unbounded payload and unexpected tool permissions","duration":3.0188339999999982,"failureMessages":[],"meta":{},"tags":[],"benchmarks":[]}],"startTime":1789651320582,"endTime":1789651320592.0188,"status":"passed","message":"","name":"/Users/marioeuchner/Documents/ChatGPT/EDS Orbit/apps/api/tests/unit.test.ts"},{"assertionResults":[{"ancestorTitles":["Durable real Redis worker lifecycle"],"fullName":"Durable real Redis worker lifecycle A10/A19/A26/B06: real worker plans, retrieves, drafts, reviews, publishes locally, survives restart, then applies revocation","status":"passed","title":"A10/A19/A26/B06: real worker plans, retrieves, drafts, reviews, publishes locally, survives restart, then applies revocation","duration":5092.407708,"failureMessages":[],"meta":{},"tags":[],"benchmarks":[]}],"startTime":1789651302192,"endTime":1789651307284.4077,"status":"passed","message":"","name":"/Users/marioeuchner/Documents/ChatGPT/EDS Orbit/apps/worker/tests/workflow.integration.test.ts"},{"assertionResults":[{"ancestorTitles":["deterministic original-brand renderer"],"fullName":"deterministic original-brand renderer renders square with expected size, unchanged logo and safe margin","status":"passed","title":"renders square with expected size, unchanged logo and safe margin","duration":1.2814580000000007,"failureMessages":[],"meta":{},"tags":[],"benchmarks":[]},{"ancestorTitles":["deterministic original-brand renderer"],"fullName":"deterministic original-brand renderer renders landscape with expected size, unchanged logo and safe margin","status":"passed","title":"renders landscape with expected size, unchanged logo and safe margin","duration":0.19174999999999898,"failureMessages":[],"meta":{},"tags":[],"benchmarks":[]},{"ancestorTitles":["deterministic original-brand renderer"],"fullName":"deterministic original-brand renderer renders portrait with expected size, unchanged logo and safe margin","status":"passed","title":"renders portrait with expected size, unchanged logo and safe margin","duration":0.15133399999999853,"failureMessages":[],"meta":{},"tags":[],"benchmarks":[]},{"ancestorTitles":["deterministic original-brand renderer"],"fullName":"deterministic original-brand renderer renders story with expected size, unchanged logo and safe margin","status":"passed","title":"renders story with expected size, unchanged logo and safe margin","duration":0.19250000000000256,"failureMessages":[],"meta":{},"tags":[],"benchmarks":[]},{"ancestorTitles":["deterministic original-brand renderer"],"fullName":"deterministic original-brand renderer blocks overflow instead of truncating or exporting clipped text","status":"passed","title":"blocks overflow instead of truncating or exporting clipped text","duration":0.504958000000002,"failureMessages":[],"meta":{},"tags":[],"benchmarks":[]},{"ancestorTitles":["deterministic original-brand renderer"],"fullName":"deterministic original-brand renderer escapes script and produces a brief when the source logo is unapproved","status":"passed","title":"escapes script and produces a brief when the source logo is unapproved","duration":0.39383399999999824,"failureMessages":[],"meta":{},"tags":[],"benchmarks":[]},{"ancestorTitles":["bounded PNG export"],"fullName":"bounded PNG export fails closed for omitted brand approval before rasterization","status":"passed","title":"fails closed for omitted brand approval before rasterization","duration":0.14791600000000216,"failureMessages":[],"meta":{},"tags":[],"benchmarks":[]},{"ancestorTitles":["bounded PNG export"],"fullName":"bounded PNG export exports real PNG pixels for square","status":"passed","title":"exports real PNG pixels for square","duration":154.207917,"failureMessages":[],"meta":{},"tags":[],"benchmarks":[]},{"ancestorTitles":["bounded PNG export"],"fullName":"bounded PNG export exports real PNG pixels for landscape","status":"passed","title":"exports real PNG pixels for landscape","duration":86.10545799999997,"failureMessages":[],"meta":{},"tags":[],"benchmarks":[]},{"ancestorTitles":["bounded PNG export"],"fullName":"bounded PNG export exports real PNG pixels for portrait","status":"passed","title":"exports real PNG pixels for portrait","duration":91.94158299999998,"failureMessages":[],"meta":{},"tags":[],"benchmarks":[]},{"ancestorTitles":["bounded PNG export"],"fullName":"bounded PNG export exports real PNG pixels for story","status":"passed","title":"exports real PNG pixels for story","duration":96.59533300000004,"failureMessages":[],"meta":{},"tags":[],"benchmarks":[]}],"startTime":1789651319469,"endTime":1789651319901.5952,"status":"passed","message":"","name":"/Users/marioeuchner/Documents/ChatGPT/EDS Orbit/packages/creative/src/creative.test.ts"},{"assertionResults":[{"ancestorTitles":["safe public source fetching"],"fullName":"safe public source fetching blocks nonpublic 127.0.0.1","status":"passed","title":"blocks nonpublic 127.0.0.1","duration":0.7428330000000045,"failureMessages":[],"meta":{},"tags":[],"benchmarks":[]},{"ancestorTitles":["safe public source fetching"],"fullName":"safe public source fetching blocks nonpublic 10.0.0.1","status":"passed","title":"blocks nonpublic 10.0.0.1","duration":0.18866599999999778,"failureMessages":[],"meta":{},"tags":[],"benchmarks":[]},{"ancestorTitles":["safe public source fetching"],"fullName":"safe public source fetching blocks nonpublic 172.16.0.1","status":"passed","title":"blocks nonpublic 172.16.0.1","duration":0.06274999999999409,"failureMessages":[],"meta":{},"tags":[],"benchmarks":[]},{"ancestorTitles":["safe public source fetching"],"fullName":"safe public source fetching blocks nonpublic 192.168.1.1","status":"passed","title":"blocks nonpublic 192.168.1.1","duration":0.056166999999987866,"failureMessages":[],"meta":{},"tags":[],"benchmarks":[]},{"ancestorTitles":["safe public source fetching"],"fullName":"safe public source fetching blocks nonpublic 169.254.169.254","status":"passed","title":"blocks nonpublic 169.254.169.254","duration":0.1319999999999908,"failureMessages":[],"meta":{},"tags":[],"benchmarks":[]},{"ancestorTitles":["safe public source fetching"],"fullName":"safe public source fetching blocks nonpublic 100.64.0.1","status":"passed","title":"blocks nonpublic 100.64.0.1","duration":0.05129200000000367,"failureMessages":[],"meta":{},"tags":[],"benchmarks":[]},{"ancestorTitles":["safe public source fetching"],"fullName":"safe public source fetching blocks nonpublic 0.0.0.0","status":"passed","title":"blocks nonpublic 0.0.0.0","duration":0.041083000000000425,"failureMessages":[],"meta":{},"tags":[],"benchmarks":[]},{"ancestorTitles":["safe public source fetching"],"fullName":"safe public source fetching blocks nonpublic 224.0.0.1","status":"passed","title":"blocks nonpublic 224.0.0.1","duration":0.04254099999999994,"failureMessages":[],"meta":{},"tags":[],"benchmarks":[]},{"ancestorTitles":["safe public source fetching"],"fullName":"safe public source fetching blocks nonpublic 198.18.0.1","status":"passed","title":"blocks nonpublic 198.18.0.1","duration":0.06054200000001231,"failureMessages":[],"meta":{},"tags":[],"benchmarks":[]},{"ancestorTitles":["safe public source fetching"],"fullName":"safe public source fetching blocks nonpublic ::1","status":"passed","title":"blocks nonpublic ::1","duration":2.958875000000006,"failureMessages":[],"meta":{},"tags":[],"benchmarks":[]},{"ancestorTitles":["safe public source fetching"],"fullName":"safe public source fetching blocks nonpublic ::","status":"passed","title":"blocks nonpublic ::","duration":0.07483299999999815,"failureMessages":[],"meta":{},"tags":[],"benchmarks":[]},{"ancestorTitles":["safe public source fetching"],"fullName":"safe public source fetching blocks nonpublic fc00::1","status":"passed","title":"blocks nonpublic fc00::1","duration":0.040792000000010376,"failureMessages":[],"meta":{},"tags":[],"benchmarks":[]},{"ancestorTitles":["safe public source fetching"],"fullName":"safe public source fetching blocks nonpublic fe80::1","status":"passed","title":"blocks nonpublic fe80::1","duration":0.029167000000001053,"failureMessages":[],"meta":{},"tags":[],"benchmarks":[]},{"ancestorTitles":["safe public source fetching"],"fullName":"safe public source fetching blocks nonpublic ::ffff:127.0.0.1","status":"passed","title":"blocks nonpublic ::ffff:127.0.0.1","duration":0.029916000000000054,"failureMessages":[],"meta":{},"tags":[],"benchmarks":[]},{"ancestorTitles":["safe public source fetching"],"fullName":"safe public source fetching blocks nonpublic 2001:db8::1","status":"passed","title":"blocks nonpublic 2001:db8::1","duration":0.04199999999998738,"failureMessages":[],"meta":{},"tags":[],"benchmarks":[]},{"ancestorTitles":["safe public source fetching"],"fullName":"safe public source fetching blocks nonpublic 2002:7f00:1::","status":"passed","title":"blocks nonpublic 2002:7f00:1::","duration":0.027250000000009322,"failureMessages":[],"meta":{},"tags":[],"benchmarks":[]},{"ancestorTitles":["safe public source fetching"],"fullName":"safe public source fetching permits public 8.8.8.8","status":"passed","title":"permits public 8.8.8.8","duration":0.04862500000000125,"failureMessages":[],"meta":{},"tags":[],"benchmarks":[]},{"ancestorTitles":["safe public source fetching"],"fullName":"safe public source fetching permits public 1.1.1.1","status":"passed","title":"permits public 1.1.1.1","duration":0.02820800000000645,"failureMessages":[],"meta":{},"tags":[],"benchmarks":[]},{"ancestorTitles":["safe public source fetching"],"fullName":"safe public source fetching permits public 2606:4700:4700::1111","status":"passed","title":"permits public 2606:4700:4700::1111","duration":0.028249999999999886,"failureMessages":[],"meta":{},"tags":[],"benchmarks":[]},{"ancestorTitles":["safe public source fetching"],"fullName":"safe public source fetching rejects disallowed URL http://example.com/docs","status":"passed","title":"rejects disallowed URL http://example.com/docs","duration":0.42133299999998997,"failureMessages":[],"meta":{},"tags":[],"benchmarks":[]},{"ancestorTitles":["safe public source fetching"],"fullName":"safe public source fetching rejects disallowed URL https://example.com:8443/docs","status":"passed","title":"rejects disallowed URL https://example.com:8443/docs","duration":0.05158299999999372,"failureMessages":[],"meta":{},"tags":[],"benchmarks":[]},{"ancestorTitles":["safe public source fetching"],"fullName":"safe public source fetching rejects disallowed URL https://example.com.evil.test/docs","status":"passed","title":"rejects disallowed URL https://example.com.evil.test/docs","duration":0.04862500000000125,"failureMessages":[],"meta":{},"tags":[],"benchmarks":[]},{"ancestorTitles":["safe public source fetching"],"fullName":"safe public source fetching rejects disallowed URL https://user:pass@example.com/docs","status":"passed","title":"rejects disallowed URL https://user:pass@example.com/docs","duration":0.04479200000000105,"failureMessages":[],"meta":{},"tags":[],"benchmarks":[]},{"ancestorTitles":["safe public source fetching"],"fullName":"safe public source fetching rejects disallowed URL https://example.com/admin","status":"passed","title":"rejects disallowed URL https://example.com/admin","duration":0.06837499999998897,"failureMessages":[],"meta":{},"tags":[],"benchmarks":[]},{"ancestorTitles":["safe public source fetching"],"fullName":"safe public source fetching rejects disallowed URL https://example.com/docs/../admin","status":"passed","title":"rejects disallowed URL https://example.com/docs/../admin","duration":0.05429200000000378,"failureMessages":[],"meta":{},"tags":[],"benchmarks":[]},{"ancestorTitles":["safe public source fetching"],"fullName":"safe public source fetching rejects disallowed URL https://example.com/docs/%252e%252e/admin","status":"passed","title":"rejects disallowed URL https://example.com/docs/%252e%252e/admin","duration":0.036791999999991276,"failureMessages":[],"meta":{},"tags":[],"benchmarks":[]},{"ancestorTitles":["safe public source fetching"],"fullName":"safe public source fetching rejects disallowed URL https://127.0.0.1/docs","status":"passed","title":"rejects disallowed URL https://127.0.0.1/docs","duration":0.03983399999999904,"failureMessages":[],"meta":{},"tags":[],"benchmarks":[]},{"ancestorTitles":["safe public source fetching"],"fullName":"safe public source fetching rejects disallowed URL https://[::1]/docs","status":"passed","title":"rejects disallowed URL https://[::1]/docs","duration":0.0497089999999929,"failureMessages":[],"meta":{},"tags":[],"benchmarks":[]},{"ancestorTitles":["safe public source fetching"],"fullName":"safe public source fetching pins only fully public DNS answers","status":"passed","title":"pins only fully public DNS answers","duration":0.7508749999999935,"failureMessages":[],"meta":{},"tags":[],"benchmarks":[]},{"ancestorTitles":["safe public source fetching"],"fullName":"safe public source fetching honors specific robots and longest allow prefix","status":"passed","title":"honors specific robots and longest allow prefix","duration":0.21258400000000677,"failureMessages":[],"meta":{},"tags":[],"benchmarks":[]},{"ancestorTitles":["safe public source fetching"],"fullName":"safe public source fetching discovery rejects external entities and private references","status":"passed","title":"discovery rejects external entities and private references","duration":0.4146250000000009,"failureMessages":[],"meta":{},"tags":[],"benchmarks":[]},{"ancestorTitles":["safe public source fetching"],"fullName":"safe public source fetching bounds adversarial robots wildcard matching","status":"passed","title":"bounds adversarial robots wildcard matching","duration":0.09358299999999531,"failureMessages":[],"meta":{},"tags":[],"benchmarks":[]},{"ancestorTitles":["safe public source fetching"],"fullName":"safe public source fetching bounds stalled DNS","status":"passed","title":"bounds stalled DNS","duration":5.925916000000001,"failureMessages":[],"meta":{},"tags":[],"benchmarks":[]},{"ancestorTitles":["safe public source fetching"],"fullName":"safe public source fetching keeps query credentials out of citations","status":"passed","title":"keeps query credentials out of citations","duration":0.11700000000000443,"failureMessages":[],"meta":{},"tags":[],"benchmarks":[]},{"ancestorTitles":["versioned extraction and ranking"],"fullName":"versioned extraction and ranking preserves headings and table context without scripts or navigation","status":"passed","title":"preserves headings and table context without scripts or navigation","duration":1.1684999999999945,"failureMessages":[],"meta":{},"tags":[],"benchmarks":[]},{"ancestorTitles":["versioned extraction and ranking"],"fullName":"versioned extraction and ranking treats injected instructions as plain text","status":"passed","title":"treats injected instructions as plain text","duration":0.07800000000000296,"failureMessages":[],"meta":{},"tags":[],"benchmarks":[]},{"ancestorTitles":["versioned extraction and ranking"],"fullName":"versioned extraction and ranking normalizes repeated imports deterministically","status":"passed","title":"normalizes repeated imports deterministically","duration":0.03337499999999238,"failureMessages":[],"meta":{},"tags":[],"benchmarks":[]},{"ancestorTitles":["versioned extraction and ranking"],"fullName":"versioned extraction and ranking bounds long chunks and retains source anchors","status":"passed","title":"bounds long chunks and retains source anchors","duration":0.4919170000000008,"failureMessages":[],"meta":{},"tags":[],"benchmarks":[]},{"ancestorTitles":["versioned extraction and ranking"],"fullName":"versioned extraction and ranking fuses both search branches without claiming probability","status":"passed","title":"fuses both search branches without claiming probability","duration":0.09949999999999193,"failureMessages":[],"meta":{},"tags":[],"benchmarks":[]},{"ancestorTitles":["versioned extraction and ranking"],"fullName":"versioned extraction and ranking caps document dominance and duplicates","status":"passed","title":"caps document dominance and duplicates","duration":0.27616700000000094,"failureMessages":[],"meta":{},"tags":[],"benchmarks":[]},{"ancestorTitles":["versioned extraction and ranking"],"fullName":"versioned extraction and ranking enforces context token budget","status":"passed","title":"enforces context token budget","duration":0.04975000000000307,"failureMessages":[],"meta":{},"tags":[],"benchmarks":[]},{"ancestorTitles":["versioned extraction and ranking"],"fullName":"versioned extraction and ranking validity is half open","status":"passed","title":"validity is half open","duration":0.05704200000000981,"failureMessages":[],"meta":{},"tags":[],"benchmarks":[]},{"ancestorTitles":["versioned extraction and ranking"],"fullName":"versioned extraction and ranking adjacent fact windows do not conflict","status":"passed","title":"adjacent fact windows do not conflict","duration":0.033709000000001765,"failureMessages":[],"meta":{},"tags":[],"benchmarks":[]},{"ancestorTitles":["versioned extraction and ranking"],"fullName":"versioned extraction and ranking rejects incompatible or unusable vectors","status":"passed","title":"rejects incompatible or unusable vectors","duration":0.07712500000000944,"failureMessages":[],"meta":{},"tags":[],"benchmarks":[]},{"ancestorTitles":["versioned extraction and ranking"],"fullName":"versioned extraction and ranking rejects incompatible or unusable vectors","status":"passed","title":"rejects incompatible or unusable vectors","duration":0.029583000000002357,"failureMessages":[],"meta":{},"tags":[],"benchmarks":[]},{"ancestorTitles":["versioned extraction and ranking"],"fullName":"versioned extraction and ranking rejects incompatible or unusable vectors","status":"passed","title":"rejects incompatible or unusable vectors","duration":0.024833000000000993,"failureMessages":[],"meta":{},"tags":[],"benchmarks":[]},{"ancestorTitles":["versioned extraction and ranking"],"fullName":"versioned extraction and ranking rejects incompatible or unusable vectors","status":"passed","title":"rejects incompatible or unusable vectors","duration":0.02862500000000523,"failureMessages":[],"meta":{},"tags":[],"benchmarks":[]},{"ancestorTitles":["versioned extraction and ranking"],"fullName":"versioned extraction and ranking accepts matching synthetic vectors","status":"passed","title":"accepts matching synthetic vectors","duration":0.0752080000000035,"failureMessages":[],"meta":{},"tags":[],"benchmarks":[]},{"ancestorTitles":["versioned extraction and ranking"],"fullName":"versioned extraction and ranking extracts text from a real synthetic PDF container","status":"passed","title":"extracts text from a real synthetic PDF container","duration":312.35566700000004,"failureMessages":[],"meta":{},"tags":[],"benchmarks":[]},{"ancestorTitles":["versioned extraction and ranking"],"fullName":"versioned extraction and ranking extracts DOCX tables with the real parser","status":"passed","title":"extracts DOCX tables with the real parser","duration":66.275958,"failureMessages":[],"meta":{},"tags":[],"benchmarks":[]},{"ancestorTitles":["versioned extraction and ranking"],"fullName":"versioned extraction and ranking rejects corrupt PDF with a typed failure","status":"passed","title":"rejects corrupt PDF with a typed failure","duration":156.78737499999994,"failureMessages":[],"meta":{},"tags":[],"benchmarks":[]},{"ancestorTitles":["versioned extraction and ranking"],"fullName":"versioned extraction and ranking rejects invalid UTF-8 and unsupported MIME","status":"passed","title":"rejects invalid UTF-8 and unsupported MIME","duration":0.3917500000000018,"failureMessages":[],"meta":{},"tags":[],"benchmarks":[]},{"ancestorTitles":["versioned extraction and ranking"],"fullName":"versioned extraction and ranking rejects a central-directory underreported count","status":"passed","title":"rejects a central-directory underreported count","duration":0.23349999999993543,"failureMessages":[],"meta":{},"tags":[],"benchmarks":[]},{"ancestorTitles":["versioned extraction and ranking"],"fullName":"versioned extraction and ranking rejects duplicate document entries before Mammoth","status":"passed","title":"rejects duplicate document entries before Mammoth","duration":0.16374999999993634,"failureMessages":[],"meta":{},"tags":[],"benchmarks":[]},{"ancestorTitles":["versioned extraction and ranking"],"fullName":"versioned extraction and ranking rejects a fake ZIP before decompression","status":"passed","title":"rejects a fake ZIP before decompression","duration":0.0536659999999074,"failureMessages":[],"meta":{},"tags":[],"benchmarks":[]}],"startTime":1789651315847,"endTime":1789651316399.2334,"status":"passed","message":"","name":"/Users/marioeuchner/Documents/ChatGPT/EDS Orbit/packages/knowledge/tests/algorithms.test.ts"},{"assertionResults":[{"ancestorTitles":["isolated index generations / synthetic SQL mechanics only"],"fullName":"isolated index generations / synthetic SQL mechanics only requires an evaluated baseline checkpoint before the first alternate profile","status":"passed","title":"requires an evaluated baseline checkpoint before the first alternate profile","duration":118.20825000000002,"failureMessages":[],"meta":{},"tags":[],"benchmarks":[]},{"ancestorTitles":["isolated index generations / synthetic SQL mechanics only"],"fullName":"isolated index generations / synthetic SQL mechanics only keeps building generations separate and forbids premature/incomplete activation","status":"passed","title":"keeps building generations separate and forbids premature/incomplete activation","duration":121.8725,"failureMessages":[],"meta":{},"tags":[],"benchmarks":[]},{"ancestorTitles":["isolated index generations / synthetic SQL mechanics only"],"fullName":"isolated index generations / synthetic SQL mechanics only requires real budget receipts for a live evaluation and immutable profile metadata","status":"passed","title":"requires real budget receipts for a live evaluation and immutable profile metadata","duration":161.43595800000003,"failureMessages":[],"meta":{},"tags":[],"benchmarks":[]},{"ancestorTitles":["isolated index generations / synthetic SQL mechanics only"],"fullName":"isolated index generations / synthetic SQL mechanics only atomically changes dimensions without mixing vectors and supports evaluated rollback","status":"passed","title":"atomically changes dimensions without mixing vectors and supports evaluated rollback","duration":57.842250000000035,"failureMessages":[],"meta":{},"tags":[],"benchmarks":[]},{"ancestorTitles":["isolated index generations / synthetic SQL mechanics only"],"fullName":"isolated index generations / synthetic SQL mechanics only revocation purges every vector generation and prevents stale build activation or rollback","status":"passed","title":"revocation purges every vector generation and prevents stale build activation or rollback","duration":32.19008299999996,"failureMessages":[],"meta":{},"tags":[],"benchmarks":[]}],"startTime":1789651316645,"endTime":1789651317137.1902,"status":"passed","message":"","name":"/Users/marioeuchner/Documents/ChatGPT/EDS Orbit/packages/knowledge/tests/index-generations.integration.test.ts"},{"assertionResults":[{"ancestorTitles":["PostgreSQL pgvector knowledge / nonprivileged RLS"],"fullName":"PostgreSQL pgvector knowledge / nonprivileged RLS eval export-en-1","status":"passed","title":"eval export-en-1","duration":36.879040999999916,"failureMessages":[],"meta":{},"tags":[],"benchmarks":[]},{"ancestorTitles":["PostgreSQL pgvector knowledge / nonprivileged RLS"],"fullName":"PostgreSQL pgvector knowledge / nonprivileged RLS eval export-en-2","status":"passed","title":"eval export-en-2","duration":28.44495900000004,"failureMessages":[],"meta":{},"tags":[],"benchmarks":[]},{"ancestorTitles":["PostgreSQL pgvector knowledge / nonprivileged RLS"],"fullName":"PostgreSQL pgvector knowledge / nonprivileged RLS eval export-de-1","status":"passed","title":"eval export-de-1","duration":28.081125000000043,"failureMessages":[],"meta":{},"tags":[],"benchmarks":[]},{"ancestorTitles":["PostgreSQL pgvector knowledge / nonprivileged RLS"],"fullName":"PostgreSQL pgvector knowledge / nonprivileged RLS eval export-de-2","status":"passed","title":"eval export-de-2","duration":27.598042000000078,"failureMessages":[],"meta":{},"tags":[],"benchmarks":[]},{"ancestorTitles":["PostgreSQL pgvector knowledge / nonprivileged RLS"],"fullName":"PostgreSQL pgvector knowledge / nonprivileged RLS eval roles-en-1","status":"passed","title":"eval roles-en-1","duration":26.767333000000008,"failureMessages":[],"meta":{},"tags":[],"benchmarks":[]},{"ancestorTitles":["PostgreSQL pgvector knowledge / nonprivileged RLS"],"fullName":"PostgreSQL pgvector knowledge / nonprivileged RLS eval roles-en-2","status":"passed","title":"eval roles-en-2","duration":26.156541999999945,"failureMessages":[],"meta":{},"tags":[],"benchmarks":[]},{"ancestorTitles":["PostgreSQL pgvector knowledge / nonprivileged RLS"],"fullName":"PostgreSQL pgvector knowledge / nonprivileged RLS eval roles-de-1","status":"passed","title":"eval roles-de-1","duration":29.28991599999995,"failureMessages":[],"meta":{},"tags":[],"benchmarks":[]},{"ancestorTitles":["PostgreSQL pgvector knowledge / nonprivileged RLS"],"fullName":"PostgreSQL pgvector knowledge / nonprivileged RLS eval roles-de-2","status":"passed","title":"eval roles-de-2","duration":32.90058299999998,"failureMessages":[],"meta":{},"tags":[],"benchmarks":[]},{"ancestorTitles":["PostgreSQL pgvector knowledge / nonprivileged RLS"],"fullName":"PostgreSQL pgvector knowledge / nonprivileged RLS eval pause-en-1","status":"passed","title":"eval pause-en-1","duration":32.36233399999992,"failureMessages":[],"meta":{},"tags":[],"benchmarks":[]},{"ancestorTitles":["PostgreSQL pgvector knowledge / nonprivileged RLS"],"fullName":"PostgreSQL pgvector knowledge / nonprivileged RLS eval pause-en-2","status":"passed","title":"eval pause-en-2","duration":35.010374999999954,"failureMessages":[],"meta":{},"tags":[],"benchmarks":[]},{"ancestorTitles":["PostgreSQL pgvector knowledge / nonprivileged RLS"],"fullName":"PostgreSQL pgvector knowledge / nonprivileged RLS eval pause-de-1","status":"passed","title":"eval pause-de-1","duration":40.03162499999996,"failureMessages":[],"meta":{},"tags":[],"benchmarks":[]},{"ancestorTitles":["PostgreSQL pgvector knowledge / nonprivileged RLS"],"fullName":"PostgreSQL pgvector knowledge / nonprivileged RLS eval pause-de-2","status":"passed","title":"eval pause-de-2","duration":32.764999999999986,"failureMessages":[],"meta":{},"tags":[],"benchmarks":[]},{"ancestorTitles":["PostgreSQL pgvector knowledge / nonprivileged RLS"],"fullName":"PostgreSQL pgvector knowledge / nonprivileged RLS eval sources-en-1","status":"passed","title":"eval sources-en-1","duration":31.042165999999952,"failureMessages":[],"meta":{},"tags":[],"benchmarks":[]},{"ancestorTitles":["PostgreSQL pgvector knowledge / nonprivileged RLS"],"fullName":"PostgreSQL pgvector knowledge / nonprivileged RLS eval sources-en-2","status":"passed","title":"eval sources-en-2","duration":34.015916999999945,"failureMessages":[],"meta":{},"tags":[],"benchmarks":[]},{"ancestorTitles":["PostgreSQL pgvector knowledge / nonprivileged RLS"],"fullName":"PostgreSQL pgvector knowledge / nonprivileged RLS eval sources-de-1","status":"passed","title":"eval sources-de-1","duration":31.37000000000012,"failureMessages":[],"meta":{},"tags":[],"benchmarks":[]},{"ancestorTitles":["PostgreSQL pgvector knowledge / nonprivileged RLS"],"fullName":"PostgreSQL pgvector knowledge / nonprivileged RLS eval sources-de-2","status":"passed","title":"eval sources-de-2","duration":29.861875000000055,"failureMessages":[],"meta":{},"tags":[],"benchmarks":[]},{"ancestorTitles":["PostgreSQL pgvector knowledge / nonprivileged RLS"],"fullName":"PostgreSQL pgvector knowledge / nonprivileged RLS eval freshness-en-1","status":"passed","title":"eval freshness-en-1","duration":32.32970799999998,"failureMessages":[],"meta":{},"tags":[],"benchmarks":[]},{"ancestorTitles":["PostgreSQL pgvector knowledge / nonprivileged RLS"],"fullName":"PostgreSQL pgvector knowledge / nonprivileged RLS eval freshness-en-2","status":"passed","title":"eval freshness-en-2","duration":31.025250000000142,"failureMessages":[],"meta":{},"tags":[],"benchmarks":[]},{"ancestorTitles":["PostgreSQL pgvector knowledge / nonprivileged RLS"],"fullName":"PostgreSQL pgvector knowledge / nonprivileged RLS eval freshness-de-1","status":"passed","title":"eval freshness-de-1","duration":32.70008299999995,"failureMessages":[],"meta":{},"tags":[],"benchmarks":[]},{"ancestorTitles":["PostgreSQL pgvector knowledge / nonprivileged RLS"],"fullName":"PostgreSQL pgvector knowledge / nonprivileged RLS eval freshness-de-2","status":"passed","title":"eval freshness-de-2","duration":31.830624999999827,"failureMessages":[],"meta":{},"tags":[],"benchmarks":[]},{"ancestorTitles":["PostgreSQL pgvector knowledge / nonprivileged RLS"],"fullName":"PostgreSQL pgvector knowledge / nonprivileged RLS eval budget-en-1","status":"passed","title":"eval budget-en-1","duration":30.07075000000009,"failureMessages":[],"meta":{},"tags":[],"benchmarks":[]},{"ancestorTitles":["PostgreSQL pgvector knowledge / nonprivileged RLS"],"fullName":"PostgreSQL pgvector knowledge / nonprivileged RLS eval budget-en-2","status":"passed","title":"eval budget-en-2","duration":39.05987499999992,"failureMessages":[],"meta":{},"tags":[],"benchmarks":[]},{"ancestorTitles":["PostgreSQL pgvector knowledge / nonprivileged RLS"],"fullName":"PostgreSQL pgvector knowledge / nonprivileged RLS eval budget-de-1","status":"passed","title":"eval budget-de-1","duration":34.145917000000054,"failureMessages":[],"meta":{},"tags":[],"benchmarks":[]},{"ancestorTitles":["PostgreSQL pgvector knowledge / nonprivileged RLS"],"fullName":"PostgreSQL pgvector knowledge / nonprivileged RLS eval budget-de-2","status":"passed","title":"eval budget-de-2","duration":32.80791699999986,"failureMessages":[],"meta":{},"tags":[],"benchmarks":[]},{"ancestorTitles":["PostgreSQL pgvector knowledge / nonprivileged RLS"],"fullName":"PostgreSQL pgvector knowledge / nonprivileged RLS eval recovery-en-1","status":"passed","title":"eval recovery-en-1","duration":35.97604200000001,"failureMessages":[],"meta":{},"tags":[],"benchmarks":[]},{"ancestorTitles":["PostgreSQL pgvector knowledge / nonprivileged RLS"],"fullName":"PostgreSQL pgvector knowledge / nonprivileged RLS eval recovery-en-2","status":"passed","title":"eval recovery-en-2","duration":40.369500000000016,"failureMessages":[],"meta":{},"tags":[],"benchmarks":[]},{"ancestorTitles":["PostgreSQL pgvector knowledge / nonprivileged RLS"],"fullName":"PostgreSQL pgvector knowledge / nonprivileged RLS eval recovery-de-1","status":"passed","title":"eval recovery-de-1","duration":41.43962499999998,"failureMessages":[],"meta":{},"tags":[],"benchmarks":[]},{"ancestorTitles":["PostgreSQL pgvector knowledge / nonprivileged RLS"],"fullName":"PostgreSQL pgvector knowledge / nonprivileged RLS eval recovery-de-2","status":"passed","title":"eval recovery-de-2","duration":33.94833399999993,"failureMessages":[],"meta":{},"tags":[],"benchmarks":[]},{"ancestorTitles":["PostgreSQL pgvector knowledge / nonprivileged RLS"],"fullName":"PostgreSQL pgvector knowledge / nonprivileged RLS eval assets-en-1","status":"passed","title":"eval assets-en-1","duration":33.027667000000065,"failureMessages":[],"meta":{},"tags":[],"benchmarks":[]},{"ancestorTitles":["PostgreSQL pgvector knowledge / nonprivileged RLS"],"fullName":"PostgreSQL pgvector knowledge / nonprivileged RLS eval assets-en-2","status":"passed","title":"eval assets-en-2","duration":33.99754200000007,"failureMessages":[],"meta":{},"tags":[],"benchmarks":[]},{"ancestorTitles":["PostgreSQL pgvector knowledge / nonprivileged RLS"],"fullName":"PostgreSQL pgvector knowledge / nonprivileged RLS eval assets-de-1","status":"passed","title":"eval assets-de-1","duration":41.89433300000019,"failureMessages":[],"meta":{},"tags":[],"benchmarks":[]},{"ancestorTitles":["PostgreSQL pgvector knowledge / nonprivileged RLS"],"fullName":"PostgreSQL pgvector knowledge / nonprivileged RLS eval assets-de-2","status":"passed","title":"eval assets-de-2","duration":40.48104199999989,"failureMessages":[],"meta":{},"tags":[],"benchmarks":[]},{"ancestorTitles":["PostgreSQL pgvector knowledge / nonprivileged RLS"],"fullName":"PostgreSQL pgvector knowledge / nonprivileged RLS eval metrics-en-1","status":"passed","title":"eval metrics-en-1","duration":33.35116700000003,"failureMessages":[],"meta":{},"tags":[],"benchmarks":[]},{"ancestorTitles":["PostgreSQL pgvector knowledge / nonprivileged RLS"],"fullName":"PostgreSQL pgvector knowledge / nonprivileged RLS eval metrics-en-2","status":"passed","title":"eval metrics-en-2","duration":33.046957999999904,"failureMessages":[],"meta":{},"tags":[],"benchmarks":[]},{"ancestorTitles":["PostgreSQL pgvector knowledge / nonprivileged RLS"],"fullName":"PostgreSQL pgvector knowledge / nonprivileged RLS eval metrics-de-1","status":"passed","title":"eval metrics-de-1","duration":33.20141699999999,"failureMessages":[],"meta":{},"tags":[],"benchmarks":[]},{"ancestorTitles":["PostgreSQL pgvector knowledge / nonprivileged RLS"],"fullName":"PostgreSQL pgvector knowledge / nonprivileged RLS eval metrics-de-2","status":"passed","title":"eval metrics-de-2","duration":33.7221669999999,"failureMessages":[],"meta":{},"tags":[],"benchmarks":[]},{"ancestorTitles":["PostgreSQL pgvector knowledge / nonprivileged RLS"],"fullName":"PostgreSQL pgvector knowledge / nonprivileged RLS eval experiments-en-1","status":"passed","title":"eval experiments-en-1","duration":32.38620900000001,"failureMessages":[],"meta":{},"tags":[],"benchmarks":[]},{"ancestorTitles":["PostgreSQL pgvector knowledge / nonprivileged RLS"],"fullName":"PostgreSQL pgvector knowledge / nonprivileged RLS eval experiments-en-2","status":"passed","title":"eval experiments-en-2","duration":29.61700000000019,"failureMessages":[],"meta":{},"tags":[],"benchmarks":[]},{"ancestorTitles":["PostgreSQL pgvector knowledge / nonprivileged RLS"],"fullName":"PostgreSQL pgvector knowledge / nonprivileged RLS eval experiments-de-1","status":"passed","title":"eval experiments-de-1","duration":28.973207999999886,"failureMessages":[],"meta":{},"tags":[],"benchmarks":[]},{"ancestorTitles":["PostgreSQL pgvector knowledge / nonprivileged RLS"],"fullName":"PostgreSQL pgvector knowledge / nonprivileged RLS eval experiments-de-2","status":"passed","title":"eval experiments-de-2","duration":33.29404199999999,"failureMessages":[],"meta":{},"tags":[],"benchmarks":[]},{"ancestorTitles":["PostgreSQL pgvector knowledge / nonprivileged RLS"],"fullName":"PostgreSQL pgvector knowledge / nonprivileged RLS eval identifiers-en-1","status":"passed","title":"eval identifiers-en-1","duration":32.0384160000001,"failureMessages":[],"meta":{},"tags":[],"benchmarks":[]},{"ancestorTitles":["PostgreSQL pgvector knowledge / nonprivileged RLS"],"fullName":"PostgreSQL pgvector knowledge / nonprivileged RLS eval identifiers-en-2","status":"passed","title":"eval identifiers-en-2","duration":31.20462499999985,"failureMessages":[],"meta":{},"tags":[],"benchmarks":[]},{"ancestorTitles":["PostgreSQL pgvector knowledge / nonprivileged RLS"],"fullName":"PostgreSQL pgvector knowledge / nonprivileged RLS eval identifiers-de-1","status":"passed","title":"eval identifiers-de-1","duration":30.539166999999907,"failureMessages":[],"meta":{},"tags":[],"benchmarks":[]},{"ancestorTitles":["PostgreSQL pgvector knowledge / nonprivileged RLS"],"fullName":"PostgreSQL pgvector knowledge / nonprivileged RLS eval identifiers-de-2","status":"passed","title":"eval identifiers-de-2","duration":37.165250000000015,"failureMessages":[],"meta":{},"tags":[],"benchmarks":[]},{"ancestorTitles":["PostgreSQL pgvector knowledge / nonprivileged RLS"],"fullName":"PostgreSQL pgvector knowledge / nonprivileged RLS eval retention-en-1","status":"passed","title":"eval retention-en-1","duration":30.097584000000097,"failureMessages":[],"meta":{},"tags":[],"benchmarks":[]},{"ancestorTitles":["PostgreSQL pgvector knowledge / nonprivileged RLS"],"fullName":"PostgreSQL pgvector knowledge / nonprivileged RLS eval retention-en-2","status":"passed","title":"eval retention-en-2","duration":30.926582999999937,"failureMessages":[],"meta":{},"tags":[],"benchmarks":[]},{"ancestorTitles":["PostgreSQL pgvector knowledge / nonprivileged RLS"],"fullName":"PostgreSQL pgvector knowledge / nonprivileged RLS eval retention-de-1","status":"passed","title":"eval retention-de-1","duration":37.66987500000005,"failureMessages":[],"meta":{},"tags":[],"benchmarks":[]},{"ancestorTitles":["PostgreSQL pgvector knowledge / nonprivileged RLS"],"fullName":"PostgreSQL pgvector knowledge / nonprivileged RLS eval retention-de-2","status":"passed","title":"eval retention-de-2","duration":38.64225000000033,"failureMessages":[],"meta":{},"tags":[],"benchmarks":[]},{"ancestorTitles":["PostgreSQL pgvector knowledge / nonprivileged RLS"],"fullName":"PostgreSQL pgvector knowledge / nonprivileged RLS eval internal-en","status":"passed","title":"eval internal-en","duration":33.304625000000215,"failureMessages":[],"meta":{},"tags":[],"benchmarks":[]},{"ancestorTitles":["PostgreSQL pgvector knowledge / nonprivileged RLS"],"fullName":"PostgreSQL pgvector knowledge / nonprivileged RLS eval embargo-en","status":"passed","title":"eval embargo-en","duration":30.031667000000198,"failureMessages":[],"meta":{},"tags":[],"benchmarks":[]},{"ancestorTitles":["PostgreSQL pgvector knowledge / nonprivileged RLS"],"fullName":"PostgreSQL pgvector knowledge / nonprivileged RLS eval model_forbidden-en","status":"passed","title":"eval model_forbidden-en","duration":32.30945799999972,"failureMessages":[],"meta":{},"tags":[],"benchmarks":[]},{"ancestorTitles":["PostgreSQL pgvector knowledge / nonprivileged RLS"],"fullName":"PostgreSQL pgvector knowledge / nonprivileged RLS eval generated-en","status":"passed","title":"eval generated-en","duration":36.09712500000023,"failureMessages":[],"meta":{},"tags":[],"benchmarks":[]},{"ancestorTitles":["PostgreSQL pgvector knowledge / nonprivileged RLS"],"fullName":"PostgreSQL pgvector knowledge / nonprivileged RLS eval expired-en","status":"passed","title":"eval expired-en","duration":37.547665999999936,"failureMessages":[],"meta":{},"tags":[],"benchmarks":[]},{"ancestorTitles":["PostgreSQL pgvector knowledge / nonprivileged RLS"],"fullName":"PostgreSQL pgvector knowledge / nonprivileged RLS eval future-en","status":"passed","title":"eval future-en","duration":27.857500000000073,"failureMessages":[],"meta":{},"tags":[],"benchmarks":[]},{"ancestorTitles":["PostgreSQL pgvector knowledge / nonprivileged RLS"],"fullName":"PostgreSQL pgvector knowledge / nonprivileged RLS eval revoked-en","status":"passed","title":"eval revoked-en","duration":29.188125000000127,"failureMessages":[],"meta":{},"tags":[],"benchmarks":[]},{"ancestorTitles":["PostgreSQL pgvector knowledge / nonprivileged RLS"],"fullName":"PostgreSQL pgvector knowledge / nonprivileged RLS eval cross_project-en","status":"passed","title":"eval cross_project-en","duration":44.72937499999989,"failureMessages":[],"meta":{},"tags":[],"benchmarks":[]},{"ancestorTitles":["PostgreSQL pgvector knowledge / nonprivileged RLS"],"fullName":"PostgreSQL pgvector knowledge / nonprivileged RLS eval internal-de","status":"passed","title":"eval internal-de","duration":34.63379199999963,"failureMessages":[],"meta":{},"tags":[],"benchmarks":[]},{"ancestorTitles":["PostgreSQL pgvector knowledge / nonprivileged RLS"],"fullName":"PostgreSQL pgvector knowledge / nonprivileged RLS eval embargo-de","status":"passed","title":"eval embargo-de","duration":33.55124999999998,"failureMessages":[],"meta":{},"tags":[],"benchmarks":[]},{"ancestorTitles":["PostgreSQL pgvector knowledge / nonprivileged RLS"],"fullName":"PostgreSQL pgvector knowledge / nonprivileged RLS eval model_forbidden-de","status":"passed","title":"eval model_forbidden-de","duration":32.9353329999999,"failureMessages":[],"meta":{},"tags":[],"benchmarks":[]},{"ancestorTitles":["PostgreSQL pgvector knowledge / nonprivileged RLS"],"fullName":"PostgreSQL pgvector knowledge / nonprivileged RLS eval generated-de","status":"passed","title":"eval generated-de","duration":36.1943339999998,"failureMessages":[],"meta":{},"tags":[],"benchmarks":[]},{"ancestorTitles":["PostgreSQL pgvector knowledge / nonprivileged RLS"],"fullName":"PostgreSQL pgvector knowledge / nonprivileged RLS eval expired-de","status":"passed","title":"eval expired-de","duration":36.49862499999972,"failureMessages":[],"meta":{},"tags":[],"benchmarks":[]},{"ancestorTitles":["PostgreSQL pgvector knowledge / nonprivileged RLS"],"fullName":"PostgreSQL pgvector knowledge / nonprivileged RLS eval future-de","status":"passed","title":"eval future-de","duration":43.784000000000106,"failureMessages":[],"meta":{},"tags":[],"benchmarks":[]},{"ancestorTitles":["PostgreSQL pgvector knowledge / nonprivileged RLS"],"fullName":"PostgreSQL pgvector knowledge / nonprivileged RLS eval revoked-de","status":"passed","title":"eval revoked-de","duration":35.266875000000255,"failureMessages":[],"meta":{},"tags":[],"benchmarks":[]},{"ancestorTitles":["PostgreSQL pgvector knowledge / nonprivileged RLS"],"fullName":"PostgreSQL pgvector knowledge / nonprivileged RLS eval cross_project-de","status":"passed","title":"eval cross_project-de","duration":33.900874999999814,"failureMessages":[],"meta":{},"tags":[],"benchmarks":[]},{"ancestorTitles":["PostgreSQL pgvector knowledge / nonprivileged RLS"],"fullName":"PostgreSQL pgvector knowledge / nonprivileged RLS uses nonowner nonsuperuser nonbypass app role","status":"passed","title":"uses nonowner nonsuperuser nonbypass app role","duration":6.665542000000187,"failureMessages":[],"meta":{},"tags":[],"benchmarks":[]},{"ancestorTitles":["PostgreSQL pgvector knowledge / nonprivileged RLS"],"fullName":"PostgreSQL pgvector knowledge / nonprivileged RLS forbids unscoped access and pooled project leakage","status":"passed","title":"forbids unscoped access and pooled project leakage","duration":51.13816700000007,"failureMessages":[],"meta":{},"tags":[],"benchmarks":[]},{"ancestorTitles":["PostgreSQL pgvector knowledge / nonprivileged RLS"],"fullName":"PostgreSQL pgvector knowledge / nonprivileged RLS denies forged tenant inserts","status":"passed","title":"denies forged tenant inserts","duration":8.191207999999733,"failureMessages":[],"meta":{},"tags":[],"benchmarks":[]},{"ancestorTitles":["PostgreSQL pgvector knowledge / nonprivileged RLS"],"fullName":"PostgreSQL pgvector knowledge / nonprivileged RLS denies cross-project source foreign keys","status":"passed","title":"denies cross-project source foreign keys","duration":6.969708000000082,"failureMessages":[],"meta":{},"tags":[],"benchmarks":[]},{"ancestorTitles":["PostgreSQL pgvector knowledge / nonprivileged RLS"],"fullName":"PostgreSQL pgvector knowledge / nonprivileged RLS deduplicates unchanged import and leaves complete version after failed embedding batch","status":"passed","title":"deduplicates unchanged import and leaves complete version after failed embedding batch","duration":29.761207999999897,"failureMessages":[],"meta":{},"tags":[],"benchmarks":[]},{"ancestorTitles":["PostgreSQL pgvector knowledge / nonprivileged RLS"],"fullName":"PostgreSQL pgvector knowledge / nonprivileged RLS title and validity changes create versions and invalidate prior evidence","status":"passed","title":"title and validity changes create versions and invalidate prior evidence","duration":76.05600000000004,"failureMessages":[],"meta":{},"tags":[],"benchmarks":[]},{"ancestorTitles":["PostgreSQL pgvector knowledge / nonprivileged RLS"],"fullName":"PostgreSQL pgvector knowledge / nonprivileged RLS mandatory source set restricts both vector and lexical results and reports missing required sources","status":"passed","title":"mandatory source set restricts both vector and lexical results and reports missing required sources","duration":50.31304100000034,"failureMessages":[],"meta":{},"tags":[],"benchmarks":[]},{"ancestorTitles":["PostgreSQL pgvector knowledge / nonprivileged RLS"],"fullName":"PostgreSQL pgvector knowledge / nonprivileged RLS retrieves lexical plus real pgvector SQL with explicit synthetic test vectors","status":"passed","title":"retrieves lexical plus real pgvector SQL with explicit synthetic test vectors","duration":49.43145800000002,"failureMessages":[],"meta":{},"tags":[],"benchmarks":[]},{"ancestorTitles":["PostgreSQL pgvector knowledge / nonprivileged RLS"],"fullName":"PostgreSQL pgvector knowledge / nonprivileged RLS facts win over generated content and conflicts block evidence","status":"passed","title":"facts win over generated content and conflicts block evidence","duration":103.92920800000002,"failureMessages":[],"meta":{},"tags":[],"benchmarks":[]},{"ancestorTitles":["PostgreSQL pgvector knowledge / nonprivileged RLS"],"fullName":"PostgreSQL pgvector knowledge / nonprivileged RLS K05: facts honor timezone-equivalent half-open intervals and execution-time expiry","status":"passed","title":"K05: facts honor timezone-equivalent half-open intervals and execution-time expiry","duration":53.03383399999984,"failureMessages":[],"meta":{},"tags":[],"benchmarks":[]},{"ancestorTitles":["PostgreSQL pgvector knowledge / nonprivileged RLS"],"fullName":"PostgreSQL pgvector knowledge / nonprivileged RLS resolves a complete conflict group atomically and preserves predecessor identities","status":"passed","title":"resolves a complete conflict group atomically and preserves predecessor identities","duration":92.75587499999983,"failureMessages":[],"meta":{},"tags":[],"benchmarks":[]},{"ancestorTitles":["PostgreSQL pgvector knowledge / nonprivileged RLS"],"fullName":"PostgreSQL pgvector knowledge / nonprivileged RLS revocation queues a worker-readable reconciliation job for uncertain publication","status":"passed","title":"revocation queues a worker-readable reconciliation job for uncertain publication","duration":97.99624999999969,"failureMessages":[],"meta":{},"tags":[],"benchmarks":[]},{"ancestorTitles":["PostgreSQL pgvector knowledge / nonprivileged RLS"],"fullName":"PostgreSQL pgvector knowledge / nonprivileged RLS preserves terminal execution receipts while flagging invalidated dependencies","status":"passed","title":"preserves terminal execution receipts while flagging invalidated dependencies","duration":39.337499999999636,"failureMessages":[],"meta":{},"tags":[],"benchmarks":[]},{"ancestorTitles":["PostgreSQL pgvector knowledge / nonprivileged RLS"],"fullName":"PostgreSQL pgvector knowledge / nonprivileged RLS fact withdrawal invalidates dependent workflow while retaining unrelated verified facts","status":"passed","title":"fact withdrawal invalidates dependent workflow while retaining unrelated verified facts","duration":121.91887499999984,"failureMessages":[],"meta":{},"tags":[],"benchmarks":[]},{"ancestorTitles":["PostgreSQL pgvector knowledge / nonprivileged RLS"],"fullName":"PostgreSQL pgvector knowledge / nonprivileged RLS source revocation purges vectors/evidence and fences jobs","status":"passed","title":"source revocation purges vectors/evidence and fences jobs","duration":94.35683400000016,"failureMessages":[],"meta":{},"tags":[],"benchmarks":[]},{"ancestorTitles":["PostgreSQL pgvector knowledge / nonprivileged RLS"],"fullName":"PostgreSQL pgvector knowledge / nonprivileged RLS pause/resume cannot revive an old ingestion or embedding job","status":"passed","title":"pause/resume cannot revive an old ingestion or embedding job","duration":21.784291999999823,"failureMessages":[],"meta":{},"tags":[],"benchmarks":[]},{"ancestorTitles":["PostgreSQL pgvector knowledge / nonprivileged RLS"],"fullName":"PostgreSQL pgvector knowledge / nonprivileged RLS document tombstone prevents a repeated import after deletion","status":"passed","title":"document tombstone prevents a repeated import after deletion","duration":24.071707999999944,"failureMessages":[],"meta":{},"tags":[],"benchmarks":[]},{"ancestorTitles":["PostgreSQL pgvector knowledge / nonprivileged RLS"],"fullName":"PostgreSQL pgvector knowledge / nonprivileged RLS external model permission is independent from public use","status":"passed","title":"external model permission is independent from public use","duration":11.867874999999913,"failureMessages":[],"meta":{},"tags":[],"benchmarks":[]}],"startTime":1789651307945,"endTime":1789651311038.868,"status":"passed","message":"","name":"/Users/marioeuchner/Documents/ChatGPT/EDS Orbit/packages/knowledge/tests/knowledge.integration.test.ts"},{"assertionResults":[{"ancestorTitles":["Postiz documented contract"],"fullName":"Postiz documented contract reads integrations and drops unneeded upstream attributes","status":"passed","title":"reads integrations and drops unneeded upstream attributes","duration":9.382999999999996,"failureMessages":[],"meta":{},"tags":[],"benchmarks":[]},{"ancestorTitles":["Postiz documented contract"],"fullName":"Postiz documented contract encodes draft in one request and treats receipt as accepted only","status":"passed","title":"encodes draft in one request and treats receipt as accepted only","duration":2.1094580000000036,"failureMessages":[],"meta":{},"tags":[],"benchmarks":[]},{"ancestorTitles":["Postiz documented contract"],"fullName":"Postiz documented contract encodes schedule in one request and treats receipt as accepted only","status":"passed","title":"encodes schedule in one request and treats receipt as accepted only","duration":0.5693330000000003,"failureMessages":[],"meta":{},"tags":[],"benchmarks":[]},{"ancestorTitles":["Postiz documented contract"],"fullName":"Postiz documented contract encodes now in one request and treats receipt as accepted only","status":"passed","title":"encodes now in one request and treats receipt as accepted only","duration":0.31879199999998775,"failureMessages":[],"meta":{},"tags":[],"benchmarks":[]},{"ancestorTitles":["Postiz documented contract"],"fullName":"Postiz documented contract holds timeout and 5xx writes unknown without retry or secret propagation","status":"passed","title":"holds timeout and 5xx writes unknown without retry or secret propagation","duration":0.7764999999999986,"failureMessages":[],"meta":{},"tags":[],"benchmarks":[]},{"ancestorTitles":["Postiz documented contract"],"fullName":"Postiz documented contract does not lose an accepted write on malformed receipt","status":"passed","title":"does not lose an accepted write on malformed receipt","duration":0.2654580000000095,"failureMessages":[],"meta":{},"tags":[],"benchmarks":[]},{"ancestorTitles":["Postiz documented contract"],"fullName":"Postiz documented contract rejects invalid integration IDs before sending","status":"passed","title":"rejects invalid integration IDs before sending","duration":0.23808300000000315,"failureMessages":[],"meta":{},"tags":[],"benchmarks":[]},{"ancestorTitles":["Postiz documented contract"],"fullName":"Postiz documented contract handles read range and absent persisted ID without claiming canceled","status":"passed","title":"handles read range and absent persisted ID without claiming canceled","duration":0.5916660000000036,"failureMessages":[],"meta":{},"tags":[],"benchmarks":[]},{"ancestorTitles":["Postiz documented contract"],"fullName":"Postiz documented contract requires group-wide delete acknowledgement","status":"passed","title":"requires group-wide delete acknowledgement","duration":0.3798749999999984,"failureMessages":[],"meta":{},"tags":[],"benchmarks":[]},{"ancestorTitles":["Postiz documented contract"],"fullName":"Postiz documented contract uploads verified binary with multipart, refusing SVG and spoofed PNG","status":"passed","title":"uploads verified binary with multipart, refusing SVG and spoofed PNG","duration":0.7449589999999944,"failureMessages":[],"meta":{},"tags":[],"benchmarks":[]},{"ancestorTitles":["Matomo read scope"],"fullName":"Matomo read scope keeps token in body, fixed methods, exact date and site timezone; missing goals stay missing","status":"passed","title":"keeps token in body, fixed methods, exact date and site timezone; missing goals stay missing","duration":10.115083999999996,"failureMessages":[],"meta":{},"tags":[],"benchmarks":[]},{"ancestorTitles":["Matomo read scope"],"fullName":"Matomo read scope blocks other sites and write methods without network","status":"passed","title":"blocks other sites and write methods without network","duration":0.18129100000000165,"failureMessages":[],"meta":{},"tags":[],"benchmarks":[]},{"ancestorTitles":["Matomo read scope"],"fullName":"Matomo read scope does not turn HTTP200 API errors into zero-valued metrics","status":"passed","title":"does not turn HTTP200 API errors into zero-valued metrics","duration":0.26258300000000645,"failureMessages":[],"meta":{},"tags":[],"benchmarks":[]},{"ancestorTitles":["Slack request verification and durable replay contract"],"fullName":"Slack request verification and durable replay contract verifies raw-body HMAC and rejects tampering/stale/future replay","status":"passed","title":"verifies raw-body HMAC and rejects tampering/stale/future replay","duration":1.15162500000001,"failureMessages":[],"meta":{},"tags":[],"benchmarks":[]},{"ancestorTitles":["Slack request verification and durable replay contract"],"fullName":"Slack request verification and durable replay contract requires mapped actor/resource authorization and atomically claims replay once","status":"passed","title":"requires mapped actor/resource authorization and atomically claims replay once","duration":0.4277500000000032,"failureMessages":[],"meta":{},"tags":[],"benchmarks":[]},{"ancestorTitles":["CSV stats and export safety"],"fullName":"CSV stats and export safety maps quoted BOM CSV and uses exact money/dedup without cross-project collisions","status":"passed","title":"maps quoted BOM CSV and uses exact money/dedup without cross-project collisions","duration":2.008917000000011,"failureMessages":[],"meta":{},"tags":[],"benchmarks":[]},{"ancestorTitles":["CSV stats and export safety"],"fullName":"CSV stats and export safety reports correction conflicts and per-row failures without raw sensitive cells","status":"passed","title":"reports correction conflicts and per-row failures without raw sensitive cells","duration":0.2588750000000033,"failureMessages":[],"meta":{},"tags":[],"benchmarks":[]},{"ancestorTitles":["CSV stats and export safety"],"fullName":"CSV stats and export safety keeps missing metrics null and rejects duplicate/missing headers","status":"passed","title":"keeps missing metrics null and rejects duplicate/missing headers","duration":0.32491699999999923,"failureMessages":[],"meta":{},"tags":[],"benchmarks":[]},{"ancestorTitles":["CSV stats and export safety"],"fullName":"CSV stats and export safety exports a real article bundle and escapes executable preview content","status":"passed","title":"exports a real article bundle and escapes executable preview content","duration":0.33095800000000963,"failureMessages":[],"meta":{},"tags":[],"benchmarks":[]},{"ancestorTitles":["endpoint boundaries"],"fullName":"endpoint boundaries rejects userinfo, HTTP and query credentials","status":"passed","title":"rejects userinfo, HTTP and query credentials","duration":0.11083399999999699,"failureMessages":[],"meta":{},"tags":[],"benchmarks":[]},{"ancestorTitles":["endpoint boundaries"],"fullName":"endpoint boundaries blocks loopback and IPv4-mapped loopback without connecting","status":"passed","title":"blocks loopback and IPv4-mapped loopback without connecting","duration":2.8962920000000025,"failureMessages":[],"meta":{},"tags":[],"benchmarks":[]}],"startTime":1789651320365,"endTime":1789651320397.8962,"status":"passed","message":"","name":"/Users/marioeuchner/Documents/ChatGPT/EDS Orbit/packages/connectors/src/connectors.test.ts"},{"assertionResults":[{"ancestorTitles":["pinned native HTTPS transport"],"fullName":"pinned native HTTPS transport answers both Node DNS callback shapes using the single prechecked IP","status":"passed","title":"answers both Node DNS callback shapes using the single prechecked IP","duration":8.689583999999996,"failureMessages":[],"meta":{},"tags":[],"benchmarks":[]},{"ancestorTitles":["pinned native HTTPS transport"],"fullName":"pinned native HTTPS transport aborts hung DNS before constructing or sending an HTTP request","status":"passed","title":"aborts hung DNS before constructing or sending an HTTP request","duration":0.7794579999999911,"failureMessages":[],"meta":{},"tags":[],"benchmarks":[]},{"ancestorTitles":["pinned native HTTPS transport"],"fullName":"pinned native HTTPS transport bounds DNS even when the caller provides no signal","status":"passed","title":"bounds DNS even when the caller provides no signal","duration":1.051833000000002,"failureMessages":[],"meta":{},"tags":[],"benchmarks":[]}],"startTime":1789651320658,"endTime":1789651320668.0518,"status":"passed","message":"","name":"/Users/marioeuchner/Documents/ChatGPT/EDS Orbit/packages/connectors/src/http.test.ts"},{"assertionResults":[{"ancestorTitles":["Matomo page report transport"],"fullName":"Matomo page report transport requests flat URL rows through the bounded authenticated POST","status":"passed","title":"requests flat URL rows through the bounded authenticated POST","duration":17.324583999999987,"failureMessages":[],"meta":{},"tags":[],"benchmarks":[]}],"startTime":1789651320482,"endTime":1789651320499.3245,"status":"passed","message":"","name":"/Users/marioeuchner/Documents/ChatGPT/EDS Orbit/packages/connectors/src/matomo.test.ts"},{"assertionResults":[{"ancestorTitles":["Editorial workflows with isolated PostgreSQL state"],"fullName":"Editorial workflows with isolated PostgreSQL state groups authorized untrusted imports, isolates complaints, preserves provenance and deduplicates reimports","status":"passed","title":"groups authorized untrusted imports, isolates complaints, preserves provenance and deduplicates reimports","duration":58.56654099999997,"failureMessages":[],"meta":{},"tags":[],"benchmarks":[]},{"ancestorTitles":["Editorial workflows with isolated PostgreSQL state"],"fullName":"Editorial workflows with isolated PostgreSQL state rejects absent authorization, viewer writes and changed stable import IDs","status":"passed","title":"rejects absent authorization, viewer writes and changed stable import IDs","duration":19.167958,"failureMessages":[],"meta":{},"tags":[],"benchmarks":[]},{"ancestorTitles":["Editorial workflows with isolated PostgreSQL state"],"fullName":"Editorial workflows with isolated PostgreSQL state links drafts/missions only in the current project and protects group versions","status":"passed","title":"links drafts/missions only in the current project and protects group versions","duration":33.10766699999999,"failureMessages":[],"meta":{},"tags":[],"benchmarks":[]},{"ancestorTitles":["Editorial workflows with isolated PostgreSQL state"],"fullName":"Editorial workflows with isolated PostgreSQL state proposes only editable local text and leaves numbers, dates and permissions unknown","status":"passed","title":"proposes only editable local text and leaves numbers, dates and permissions unknown","duration":1.1573329999999942,"failureMessages":[],"meta":{},"tags":[],"benchmarks":[]},{"ancestorTitles":["Editorial workflows with isolated PostgreSQL state"],"fullName":"Editorial workflows with isolated PostgreSQL state creates channel adaptations with current evidence and lineage but no approval/schedule","status":"passed","title":"creates channel adaptations with current evidence and lineage but no approval/schedule","duration":42.25475,"failureMessages":[],"meta":{},"tags":[],"benchmarks":[]},{"ancestorTitles":["Editorial workflows with isolated PostgreSQL state"],"fullName":"Editorial workflows with isolated PostgreSQL state blocks stale parent versions and revoked evidence before creating a derivative","status":"passed","title":"blocks stale parent versions and revoked evidence before creating a derivative","duration":27.495791999999994,"failureMessages":[],"meta":{},"tags":[],"benchmarks":[]}],"startTime":1789651319218,"endTime":1789651319399.4958,"status":"passed","message":"","name":"/Users/marioeuchner/Documents/ChatGPT/EDS Orbit/apps/api/src/modules/editorial.integration.test.ts"},{"assertionResults":[{"ancestorTitles":["Matomo report normalization"],"fullName":"Matomo report normalization uses site-local 23/25-hour DST intervals","status":"passed","title":"uses site-local 23/25-hour DST intervals","duration":10.76654099999999,"failureMessages":[],"meta":{},"tags":[],"benchmarks":[]},{"ancestorTitles":["Matomo report normalization"],"fullName":"Matomo report normalization preserves missing versus zero and never relabels actions as clicks or revenue as spend","status":"passed","title":"preserves missing versus zero and never relabels actions as clicks or revenue as spend","duration":2.8442090000000064,"failureMessages":[],"meta":{},"tags":[],"benchmarks":[]},{"ancestorTitles":["Matomo report normalization"],"fullName":"Matomo report normalization separates report denominators and strips private page URL query values","status":"passed","title":"separates report denominators and strips private page URL query values","duration":0.6400830000000042,"failureMessages":[],"meta":{},"tags":[],"benchmarks":[]},{"ancestorTitles":["Matomo report normalization"],"fullName":"Matomo report normalization rejects malformed dates, scope mismatches, duplicate row IDs and invalid metric values","status":"passed","title":"rejects malformed dates, scope mismatches, duplicate row IDs and invalid metric values","duration":1.1118330000000185,"failureMessages":[],"meta":{},"tags":[],"benchmarks":[]},{"ancestorTitles":["Matomo mocked report / real scoped SQL import"],"fullName":"Matomo mocked report / real scoped SQL import imports, deduplicates a repeat, preserves correction versions and invalidates old insights","status":"passed","title":"imports, deduplicates a repeat, preserves correction versions and invalidates old insights","duration":139.27733300000003,"failureMessages":[],"meta":{},"tags":[],"benchmarks":[]},{"ancestorTitles":["Matomo mocked report / real scoped SQL import"],"fullName":"Matomo mocked report / real scoped SQL import refuses connector/site/role mismatch before the report read","status":"passed","title":"refuses connector/site/role mismatch before the report read","duration":8.96350000000001,"failureMessages":[],"meta":{},"tags":[],"benchmarks":[]},{"ancestorTitles":["Matomo mocked report / real scoped SQL import"],"fullName":"Matomo mocked report / real scoped SQL import fences a connector permission change during the external read","status":"passed","title":"fences a connector permission change during the external read","duration":16.772207999999978,"failureMessages":[],"meta":{},"tags":[],"benchmarks":[]},{"ancestorTitles":["Matomo mocked report / real scoped SQL import"],"fullName":"Matomo mocked report / real scoped SQL import treats no configured goals as unavailable conversions and preserves known zero otherwise","status":"passed","title":"treats no configured goals as unavailable conversions and preserves known zero otherwise","duration":28.897125000000017,"failureMessages":[],"meta":{},"tags":[],"benchmarks":[]},{"ancestorTitles":["Matomo mocked report / real scoped SQL import"],"fullName":"Matomo mocked report / real scoped SQL import prevents insights from adding site totals to campaign/page report denominators","status":"passed","title":"prevents insights from adding site totals to campaign/page report denominators","duration":24.95666700000004,"failureMessages":[],"meta":{},"tags":[],"benchmarks":[]}],"startTime":1789651320034,"endTime":1789651320270.9568,"status":"passed","message":"","name":"/Users/marioeuchner/Documents/ChatGPT/EDS Orbit/apps/api/src/modules/matomo.integration.test.ts"},{"assertionResults":[{"ancestorTitles":["Owner-scoped Postiz proof with real database and injected provider"],"fullName":"Owner-scoped Postiz proof with real database and injected provider prepares an exact fixed package without transmission and fails closed for default gates","status":"passed","title":"prepares an exact fixed package without transmission and fails closed for default gates","duration":43.51950000000002,"failureMessages":[],"meta":{},"tags":[],"benchmarks":[]},{"ancestorTitles":["Owner-scoped Postiz proof with real database and injected provider"],"fullName":"Owner-scoped Postiz proof with real database and injected provider enables only the observed account after receipt then PUBLISHED status, never just HTTP success","status":"passed","title":"enables only the observed account after receipt then PUBLISHED status, never just HTTP success","duration":64.64629199999999,"failureMessages":[],"meta":{},"tags":[],"benchmarks":[]},{"ancestorTitles":["Owner-scoped Postiz proof with real database and injected provider"],"fullName":"Owner-scoped Postiz proof with real database and injected provider does not grant verification for queued, absent or wrong-account observations","status":"passed","title":"does not grant verification for queued, absent or wrong-account observations","duration":46.442207999999994,"failureMessages":[],"meta":{},"tags":[],"benchmarks":[]},{"ancestorTitles":["Owner-scoped Postiz proof with real database and injected provider"],"fullName":"Owner-scoped Postiz proof with real database and injected provider never automatically retries an unknown create or interrupted sending claim","status":"passed","title":"never automatically retries an unknown create or interrupted sending claim","duration":35.42937499999999,"failureMessages":[],"meta":{},"tags":[],"benchmarks":[]},{"ancestorTitles":["Owner-scoped Postiz proof with real database and injected provider"],"fullName":"Owner-scoped Postiz proof with real database and injected provider rejects stale package, expired approval, changed connector and pause before handoff","status":"passed","title":"rejects stale package, expired approval, changed connector and pause before handoff","duration":27.82570800000002,"failureMessages":[],"meta":{},"tags":[],"benchmarks":[]},{"ancestorTitles":["Owner-scoped Postiz proof with real database and injected provider"],"fullName":"Owner-scoped Postiz proof with real database and injected provider binds approved PNG bytes, persists upload receipt and verifies media only after publication","status":"passed","title":"binds approved PNG bytes, persists upload receipt and verifies media only after publication","duration":39.22670800000003,"failureMessages":[],"meta":{},"tags":[],"benchmarks":[]},{"ancestorTitles":["Owner-scoped Postiz proof with real database and injected provider"],"fullName":"Owner-scoped Postiz proof with real database and injected provider prevents post handoff when the approved PNG changes during upload","status":"passed","title":"prevents post handoff when the approved PNG changes during upload","duration":37.591792,"failureMessages":[],"meta":{},"tags":[],"benchmarks":[]},{"ancestorTitles":["Owner-scoped Postiz proof with real database and injected provider"],"fullName":"Owner-scoped Postiz proof with real database and injected provider rechecks current owner membership and project scope","status":"passed","title":"rechecks current owner membership and project scope","duration":9.90520799999996,"failureMessages":[],"meta":{},"tags":[],"benchmarks":[]}],"startTime":1789651318695,"endTime":1789651318999.9053,"status":"passed","message":"","name":"/Users/marioeuchner/Documents/ChatGPT/EDS Orbit/apps/api/src/modules/postiz-verification.integration.test.ts"},{"assertionResults":[{"ancestorTitles":["Slack durable flow with real database, isolated transport and simulated quality gate"],"fullName":"Slack durable flow with real database, isolated transport and simulated quality gate deduplicates durable digests and refuses the default external gate without transport","status":"passed","title":"deduplicates durable digests and refuses the default external gate without transport","duration":77.52100000000002,"failureMessages":[],"meta":{},"tags":[],"benchmarks":[]},{"ancestorTitles":["Slack durable flow with real database, isolated transport and simulated quality gate"],"fullName":"Slack durable flow with real database, isolated transport and simulated quality gate sends once using mocked HTTPS then accepts one signed mapped-owner pause","status":"passed","title":"sends once using mocked HTTPS then accepts one signed mapped-owner pause","duration":67.39374999999995,"failureMessages":[],"meta":{},"tags":[],"benchmarks":[]},{"ancestorTitles":["Slack durable flow with real database, isolated transport and simulated quality gate"],"fullName":"Slack durable flow with real database, isolated transport and simulated quality gate keeps network ambiguity and recovered interrupted sends unknown without retry","status":"passed","title":"keeps network ambiguity and recovered interrupted sends unknown without retry","duration":31.47345899999999,"failureMessages":[],"meta":{},"tags":[],"benchmarks":[]},{"ancestorTitles":["Slack durable flow with real database, isolated transport and simulated quality gate"],"fullName":"Slack durable flow with real database, isolated transport and simulated quality gate rejects a consumed or expired resource reference even with a fresh valid signature","status":"passed","title":"rejects a consumed or expired resource reference even with a fresh valid signature","duration":46.35216700000001,"failureMessages":[],"meta":{},"tags":[],"benchmarks":[]},{"ancestorTitles":["Slack durable flow with real database, isolated transport and simulated quality gate"],"fullName":"Slack durable flow with real database, isolated transport and simulated quality gate binds a signed approval to the displayed exact package without publishing","status":"passed","title":"binds a signed approval to the displayed exact package without publishing","duration":117.289875,"failureMessages":[],"meta":{},"tags":[],"benchmarks":[]},{"ancestorTitles":["Slack durable flow with real database, isolated transport and simulated quality gate"],"fullName":"Slack durable flow with real database, isolated transport and simulated quality gate blocks a stale content snapshot before any Slack data egress","status":"passed","title":"blocks a stale content snapshot before any Slack data egress","duration":46.96837500000004,"failureMessages":[],"meta":{},"tags":[],"benchmarks":[]}],"startTime":1789651318115,"endTime":1789651318501.9683,"status":"passed","message":"","name":"/Users/marioeuchner/Documents/ChatGPT/EDS Orbit/apps/api/src/modules/slack.integration.test.ts"}]}